# JRE version: OpenJDK Runtime Environment (8.0_212-b04) (build 1.8.0_212-release-1586-b04)
# Java VM: OpenJDK 64-Bit Server VM (25.212-b04 mixed mode windows-amd64 compressed oops)
Heap:
 PSYoungGen      total 140800K, used 107208K [0x000000076b800000, 0x0000000774c00000, 0x00000007c0000000)
  eden space 130048K, 74% used [0x000000076b800000,0x0000000771639368,0x0000000773700000)
  from space 10752K, 99% used [0x0000000774180000,0x0000000774bf8d20,0x0000000774c00000)
  to   space 10752K, 0% used [0x0000000773700000,0x0000000773700000,0x0000000774180000)
 ParOldGen       total 117248K, used 43734K [0x00000006c2800000, 0x00000006c9a80000, 0x000000076b800000)
  object space 117248K, 37% used [0x00000006c2800000,0x00000006c52b5860,0x00000006c9a80000)
 Metaspace       used 52940K, capacity 54065K, committed 54272K, reserved 1097728K
  class space    used 6483K, capacity 6792K, committed 6912K, reserved 1048576K
GC Heap History (10 events):
Event: 1.697 GC heap before
{Heap before GC invocations=2 (full 0):
 PSYoungGen      total 75776K, used 30905K [0x000000076b800000, 0x0000000774c00000, 0x00000007c0000000)
  eden space 65024K, 31% used [0x000000076b800000,0x000000076cbb1938,0x000000076f780000)
  from space 10752K, 99% used [0x000000076f780000,0x00000007701fcb98,0x0000000770200000)
  to   space 10752K, 0% used [0x0000000774180000,0x0000000774180000,0x0000000774c00000)
 ParOldGen       total 173568K, used 4957K [0x00000006c2800000, 0x00000006cd180000, 0x000000076b800000)
  object space 173568K, 2% used [0x00000006c2800000,0x00000006c2cd7730,0x00000006cd180000)
 Metaspace       used 20737K, capacity 21136K, committed 21296K, reserved 1069056K
  class space    used 2465K, capacity 2623K, committed 2688K, reserved 1048576K
Event: 1.704 GC heap after
Heap after GC invocations=2 (full 0):
 PSYoungGen      total 140800K, used 9568K [0x000000076b800000, 0x0000000774c00000, 0x00000007c0000000)
  eden space 130048K, 0% used [0x000000076b800000,0x000000076b800000,0x0000000773700000)
  from space 10752K, 88% used [0x0000000774180000,0x0000000774ad8130,0x0000000774c00000)
  to   space 10752K, 0% used [0x0000000773700000,0x0000000773700000,0x0000000774180000)
 ParOldGen       total 173568K, used 5029K [0x00000006c2800000, 0x00000006cd180000, 0x000000076b800000)
  object space 173568K, 2% used [0x00000006c2800000,0x00000006c2ce9740,0x00000006cd180000)
 Metaspace       used 20737K, capacity 21136K, committed 21296K, reserved 1069056K
  class space    used 2465K, capacity 2623K, committed 2688K, reserved 1048576K
}
Event: 1.704 GC heap before
{Heap before GC invocations=3 (full 1):
 PSYoungGen      total 140800K, used 9568K [0x000000076b800000, 0x0000000774c00000, 0x00000007c0000000)
  eden space 130048K, 0% used [0x000000076b800000,0x000000076b800000,0x0000000773700000)
  from space 10752K, 88% used [0x0000000774180000,0x0000000774ad8130,0x0000000774c00000)
  to   space 10752K, 0% used [0x0000000773700000,0x0000000773700000,0x0000000774180000)
 ParOldGen       total 173568K, used 5029K [0x00000006c2800000, 0x00000006cd180000, 0x000000076b800000)
  object space 173568K, 2% used [0x00000006c2800000,0x00000006c2ce9740,0x00000006cd180000)
 Metaspace       used 20737K, capacity 21136K, committed 21296K, reserved 1069056K
  class space    used 2465K, capacity 2623K, committed 2688K, reserved 1048576K
Event: 1.737 GC heap after
Heap after GC invocations=3 (full 1):
 PSYoungGen      total 140800K, used 0K [0x000000076b800000, 0x0000000774c00000, 0x00000007c0000000)
  eden space 130048K, 0% used [0x000000076b800000,0x000000076b800000,0x0000000773700000)
  from space 10752K, 0% used [0x0000000774180000,0x0000000774180000,0x0000000774c00000)
  to   space 10752K, 0% used [0x0000000773700000,0x0000000773700000,0x0000000774180000)
 ParOldGen       total 117248K, used 9404K [0x00000006c2800000, 0x00000006c9a80000, 0x000000076b800000)
  object space 117248K, 8% used [0x00000006c2800000,0x00000006c312f3c0,0x00000006c9a80000)
 Metaspace       used 20737K, capacity 21136K, committed 21296K, reserved 1069056K
  class space    used 2465K, capacity 2623K, committed 2688K, reserved 1048576K
}
Event: 3.584 GC heap before
{Heap before GC invocations=4 (full 1):
 PSYoungGen      total 140800K, used 94945K [0x000000076b800000, 0x0000000774c00000, 0x00000007c0000000)
  eden space 130048K, 73% used [0x000000076b800000,0x00000007714b8758,0x0000000773700000)
  from space 10752K, 0% used [0x0000000774180000,0x0000000774180000,0x0000000774c00000)
  to   space 10752K, 0% used [0x0000000773700000,0x0000000773700000,0x0000000774180000)
 ParOldGen       total 117248K, used 9404K [0x00000006c2800000, 0x00000006c9a80000, 0x000000076b800000)
  object space 117248K, 8% used [0x00000006c2800000,0x00000006c312f3c0,0x00000006c9a80000)
 Metaspace       used 34814K, capacity 35327K, committed 35496K, reserved 1081344K
  class space    used 4428K, capacity 4561K, committed 4608K, reserved 1048576K
Event: 3.608 GC heap after
Heap after GC invocations=4 (full 1):
 PSYoungGen      total 140800K, used 10722K [0x000000076b800000, 0x0000000774c00000, 0x00000007c0000000)
  eden space 130048K, 0% used [0x000000076b800000,0x000000076b800000,0x0000000773700000)
  from space 10752K, 99% used [0x0000000773700000,0x00000007741789c0,0x0000000774180000)
  to   space 10752K, 0% used [0x0000000774180000,0x0000000774180000,0x0000000774c00000)
 ParOldGen       total 117248K, used 21712K [0x00000006c2800000, 0x00000006c9a80000, 0x000000076b800000)
  object space 117248K, 18% used [0x00000006c2800000,0x00000006c3d342d0,0x00000006c9a80000)
 Metaspace       used 34814K, capacity 35327K, committed 35496K, reserved 1081344K
  class space    used 4428K, capacity 4561K, committed 4608K, reserved 1048576K
}
Event: 3.608 GC heap before
{Heap before GC invocations=5 (full 2):
 PSYoungGen      total 140800K, used 10722K [0x000000076b800000, 0x0000000774c00000, 0x00000007c0000000)
  eden space 130048K, 0% used [0x000000076b800000,0x000000076b800000,0x0000000773700000)
  from space 10752K, 99% used [0x0000000773700000,0x00000007741789c0,0x0000000774180000)
  to   space 10752K, 0% used [0x0000000774180000,0x0000000774180000,0x0000000774c00000)
 ParOldGen       total 117248K, used 21712K [0x00000006c2800000, 0x00000006c9a80000, 0x000000076b800000)
  object space 117248K, 18% used [0x00000006c2800000,0x00000006c3d342d0,0x00000006c9a80000)
 Metaspace       used 34814K, capacity 35327K, committed 35496K, reserved 1081344K
  class space    used 4428K, capacity 4561K, committed 4608K, reserved 1048576K
Event: 3.670 GC heap after
Heap after GC invocations=5 (full 2):
 PSYoungGen      total 140800K, used 0K [0x000000076b800000, 0x0000000774c00000, 0x00000007c0000000)
  eden space 130048K, 0% used [0x000000076b800000,0x000000076b800000,0x0000000773700000)
  from space 10752K, 0% used [0x0000000773700000,0x0000000773700000,0x0000000774180000)
  to   space 10752K, 0% used [0x0000000774180000,0x0000000774180000,0x0000000774c00000)
 ParOldGen       total 117248K, used 28424K [0x00000006c2800000, 0x00000006c9a80000, 0x000000076b800000)
  object space 117248K, 24% used [0x00000006c2800000,0x00000006c43c2338,0x00000006c9a80000)
 Metaspace       used 34814K, capacity 35327K, committed 35496K, reserved 1081344K
  class space    used 4428K, capacity 4561K, committed 4608K, reserved 1048576K
}
Event: 5.756 GC heap before
{Heap before GC invocations=6 (full 2):
 PSYoungGen      total 140800K, used 130048K [0x000000076b800000, 0x0000000774c00000, 0x00000007c0000000)
  eden space 130048K, 100% used [0x000000076b800000,0x0000000773700000,0x0000000773700000)
  from space 10752K, 0% used [0x0000000773700000,0x0000000773700000,0x0000000774180000)
  to   space 10752K, 0% used [0x0000000774180000,0x0000000774180000,0x0000000774c00000)
 ParOldGen       total 117248K, used 28424K [0x00000006c2800000, 0x00000006c9a80000, 0x000000076b800000)
  object space 117248K, 24% used [0x00000006c2800000,0x00000006c43c2338,0x00000006c9a80000)
 Metaspace       used 45512K, capacity 46275K, committed 46592K, reserved 1089536K
  class space    used 5647K, capacity 5841K, committed 5888K, reserved 1048576K
Event: 5.772 GC heap after
Heap after GC invocations=6 (full 2):
 PSYoungGen      total 140800K, used 10723K [0x000000076b800000, 0x0000000774c00000, 0x00000007c0000000)
  eden space 130048K, 0% used [0x000000076b800000,0x000000076b800000,0x0000000773700000)
  from space 10752K, 99% used [0x0000000774180000,0x0000000774bf8d20,0x0000000774c00000)
  to   space 10752K, 0% used [0x0000000773700000,0x0000000773700000,0x0000000774180000)
 ParOldGen       total 117248K, used 43734K [0x00000006c2800000, 0x00000006c9a80000, 0x000000076b800000)
  object space 117248K, 37% used [0x00000006c2800000,0x00000006c52b5860,0x00000006c9a80000)
 Metaspace       used 45512K, capacity 46275K, committed 46592K, reserved 1089536K
  class space    used 5647K, capacity 5841K, committed 5888K, reserved 1048576K
}

