# JRE version: OpenJDK Runtime Environment (8.0_212-b04) (build 1.8.0_212-release-1586-b04)
# Java VM: OpenJDK 64-Bit Server VM (25.212-b04 mixed mode windows-amd64 compressed oops)
Heap:
 PSYoungGen      total 408576K, used 323792K [0x00000000e0000000, 0x0000000100000000, 0x0000000100000000)
  eden space 308736K, 78% used [0x00000000e0000000,0x00000000eeb65ba8,0x00000000f2d80000)
  from space 99840K, 82% used [0x00000000f2d80000,0x00000000f7e4e780,0x00000000f8f00000)
  to   space 109568K, 0% used [0x00000000f9500000,0x00000000f9500000,0x0000000100000000)
 ParOldGen       total 496640K, used 72026K [0x00000000a0000000, 0x00000000be500000, 0x00000000e0000000)
  object space 496640K, 14% used [0x00000000a0000000,0x00000000a4656b40,0x00000000be500000)
 Metaspace       used 165302K, capacity 174389K, committed 174720K, reserved 1202176K
  class space    used 20636K, capacity 22283K, committed 22400K, reserved 1048576K
GC Heap History (10 events):
Event: 7191.708 GC heap before
{Heap before GC invocations=51 (full 6):
 PSYoungGen      total 376832K, used 287937K [0x00000000e0000000, 0x00000000ff200000, 0x0000000100000000)
  eden space 263168K, 100% used [0x00000000e0000000,0x00000000f0100000,0x00000000f0100000)
  from space 113664K, 21% used [0x00000000f8300000,0x00000000f9b305a8,0x00000000ff200000)
  to   space 123392K, 0% used [0x00000000f0100000,0x00000000f0100000,0x00000000f7980000)
 ParOldGen       total 496640K, used 67687K [0x00000000a0000000, 0x00000000be500000, 0x00000000e0000000)
  object space 496640K, 13% used [0x00000000a0000000,0x00000000a4219cd0,0x00000000be500000)
 Metaspace       used 113812K, capacity 121084K, committed 121600K, reserved 1155072K
  class space    used 14408K, capacity 15696K, committed 15872K, reserved 1048576K
Event: 7191.744 GC heap after
Heap after GC invocations=51 (full 6):
 PSYoungGen      total 386560K, used 40897K [0x00000000e0000000, 0x00000000ffa80000, 0x0000000100000000)
  eden space 263168K, 0% used [0x00000000e0000000,0x00000000e0000000,0x00000000f0100000)
  from space 123392K, 33% used [0x00000000f0100000,0x00000000f28f0748,0x00000000f7980000)
  to   space 115712K, 0% used [0x00000000f8980000,0x00000000f8980000,0x00000000ffa80000)
 ParOldGen       total 496640K, used 67695K [0x00000000a0000000, 0x00000000be500000, 0x00000000e0000000)
  object space 496640K, 13% used [0x00000000a0000000,0x00000000a421bcd0,0x00000000be500000)
 Metaspace       used 113812K, capacity 121084K, committed 121600K, reserved 1155072K
  class space    used 14408K, capacity 15696K, committed 15872K, reserved 1048576K
}
Event: 7194.119 GC heap before
{Heap before GC invocations=52 (full 6):
 PSYoungGen      total 386560K, used 304065K [0x00000000e0000000, 0x00000000ffa80000, 0x0000000100000000)
  eden space 263168K, 100% used [0x00000000e0000000,0x00000000f0100000,0x00000000f0100000)
  from space 123392K, 33% used [0x00000000f0100000,0x00000000f28f0748,0x00000000f7980000)
  to   space 115712K, 0% used [0x00000000f8980000,0x00000000f8980000,0x00000000ffa80000)
 ParOldGen       total 496640K, used 67695K [0x00000000a0000000, 0x00000000be500000, 0x00000000e0000000)
  object space 496640K, 13% used [0x00000000a0000000,0x00000000a421bcd0,0x00000000be500000)
 Metaspace       used 114015K, capacity 121370K, committed 121856K, reserved 1155072K
  class space    used 14434K, capacity 15717K, committed 15872K, reserved 1048576K
Event: 7194.140 GC heap after
Heap after GC invocations=52 (full 6):
 PSYoungGen      total 387584K, used 33684K [0x00000000e0000000, 0x00000000fed80000, 0x0000000100000000)
  eden space 285184K, 0% used [0x00000000e0000000,0x00000000e0000000,0x00000000f1680000)
  from space 102400K, 32% used [0x00000000f8980000,0x00000000faa65240,0x00000000fed80000)
  to   space 110080K, 0% used [0x00000000f1680000,0x00000000f1680000,0x00000000f8200000)
 ParOldGen       total 496640K, used 67703K [0x00000000a0000000, 0x00000000be500000, 0x00000000e0000000)
  object space 496640K, 13% used [0x00000000a0000000,0x00000000a421dcd0,0x00000000be500000)
 Metaspace       used 114015K, capacity 121370K, committed 121856K, reserved 1155072K
  class space    used 14434K, capacity 15717K, committed 15872K, reserved 1048576K
}
Event: 7202.757 GC heap before
{Heap before GC invocations=53 (full 6):
 PSYoungGen      total 387584K, used 318868K [0x00000000e0000000, 0x00000000fed80000, 0x0000000100000000)
  eden space 285184K, 100% used [0x00000000e0000000,0x00000000f1680000,0x00000000f1680000)
  from space 102400K, 32% used [0x00000000f8980000,0x00000000faa65240,0x00000000fed80000)
  to   space 110080K, 0% used [0x00000000f1680000,0x00000000f1680000,0x00000000f8200000)
 ParOldGen       total 496640K, used 67703K [0x00000000a0000000, 0x00000000be500000, 0x00000000e0000000)
  object space 496640K, 13% used [0x00000000a0000000,0x00000000a421dcd0,0x00000000be500000)
 Metaspace       used 114317K, capacity 121656K, committed 121856K, reserved 1155072K
  class space    used 14447K, capacity 15732K, committed 15872K, reserved 1048576K
Event: 7202.792 GC heap after
Heap after GC invocations=53 (full 6):
 PSYoungGen      total 395264K, used 38462K [0x00000000e0000000, 0x00000000ffb80000, 0x0000000100000000)
  eden space 285184K, 0% used [0x00000000e0000000,0x00000000e0000000,0x00000000f1680000)
  from space 110080K, 34% used [0x00000000f1680000,0x00000000f3c0fbb0,0x00000000f8200000)
  to   space 103936K, 0% used [0x00000000f9600000,0x00000000f9600000,0x00000000ffb80000)
 ParOldGen       total 496640K, used 71994K [0x00000000a0000000, 0x00000000be500000, 0x00000000e0000000)
  object space 496640K, 14% used [0x00000000a0000000,0x00000000a464eb40,0x00000000be500000)
 Metaspace       used 114317K, capacity 121656K, committed 121856K, reserved 1155072K
  class space    used 14447K, capacity 15732K, committed 15872K, reserved 1048576K
}
Event: 7212.663 GC heap before
{Heap before GC invocations=54 (full 6):
 PSYoungGen      total 395264K, used 323646K [0x00000000e0000000, 0x00000000ffb80000, 0x0000000100000000)
  eden space 285184K, 100% used [0x00000000e0000000,0x00000000f1680000,0x00000000f1680000)
  from space 110080K, 34% used [0x00000000f1680000,0x00000000f3c0fbb0,0x00000000f8200000)
  to   space 103936K, 0% used [0x00000000f9600000,0x00000000f9600000,0x00000000ffb80000)
 ParOldGen       total 496640K, used 71994K [0x00000000a0000000, 0x00000000be500000, 0x00000000e0000000)
  object space 496640K, 14% used [0x00000000a0000000,0x00000000a464eb40,0x00000000be500000)
 Metaspace       used 119552K, capacity 127356K, committed 127616K, reserved 1161216K
  class space    used 15024K, capacity 16392K, committed 16512K, reserved 1048576K
Event: 7212.675 GC heap after
Heap after GC invocations=54 (full 6):
 PSYoungGen      total 401408K, used 28852K [0x00000000e0000000, 0x00000000ff080000, 0x0000000100000000)
  eden space 308736K, 0% used [0x00000000e0000000,0x00000000e0000000,0x00000000f2d80000)
  from space 92672K, 31% used [0x00000000f9600000,0x00000000fb22d338,0x00000000ff080000)
  to   space 99840K, 0% used [0x00000000f2d80000,0x00000000f2d80000,0x00000000f8f00000)
 ParOldGen       total 496640K, used 72002K [0x00000000a0000000, 0x00000000be500000, 0x00000000e0000000)
  object space 496640K, 14% used [0x00000000a0000000,0x00000000a4650b40,0x00000000be500000)
 Metaspace       used 119552K, capacity 127356K, committed 127616K, reserved 1161216K
  class space    used 15024K, capacity 16392K, committed 16512K, reserved 1048576K
}
Event: 7217.556 GC heap before
{Heap before GC invocations=55 (full 6):
 PSYoungGen      total 401408K, used 337588K [0x00000000e0000000, 0x00000000ff080000, 0x0000000100000000)
  eden space 308736K, 100% used [0x00000000e0000000,0x00000000f2d80000,0x00000000f2d80000)
  from space 92672K, 31% used [0x00000000f9600000,0x00000000fb22d338,0x00000000ff080000)
  to   space 99840K, 0% used [0x00000000f2d80000,0x00000000f2d80000,0x00000000f8f00000)
 ParOldGen       total 496640K, used 72002K [0x00000000a0000000, 0x00000000be500000, 0x00000000e0000000)
  object space 496640K, 14% used [0x00000000a0000000,0x00000000a4650b40,0x00000000be500000)
 Metaspace       used 153572K, capacity 162069K, committed 162304K, reserved 1189888K
  class space    used 19319K, capacity 20865K, committed 20992K, reserved 1048576K
Event: 7217.605 GC heap after
Heap after GC invocations=55 (full 6):
 PSYoungGen      total 408576K, used 82745K [0x00000000e0000000, 0x0000000100000000, 0x0000000100000000)
  eden space 308736K, 0% used [0x00000000e0000000,0x00000000e0000000,0x00000000f2d80000)
  from space 99840K, 82% used [0x00000000f2d80000,0x00000000f7e4e780,0x00000000f8f00000)
  to   space 109568K, 0% used [0x00000000f9500000,0x00000000f9500000,0x0000000100000000)
 ParOldGen       total 496640K, used 72026K [0x00000000a0000000, 0x00000000be500000, 0x00000000e0000000)
  object space 496640K, 14% used [0x00000000a0000000,0x00000000a4656b40,0x00000000be500000)
 Metaspace       used 153572K, capacity 162069K, committed 162304K, reserved 1189888K
  class space    used 19319K, capacity 20865K, committed 20992K, reserved 1048576K
}

