# JRE version: OpenJDK Runtime Environment (8.0_212-b04) (build 1.8.0_212-release-1586-b04)
# Java VM: OpenJDK 64-Bit Server VM (25.212-b04 mixed mode windows-amd64 compressed oops)
Heap:
 PSYoungGen      total 272896K, used 110554K [0x00000000e0000000, 0x00000000f2e80000, 0x0000000100000000)
  eden space 242176K, 34% used [0x00000000e0000000,0x00000000e50e58d0,0x00000000eec80000)
  from space 30720K, 90% used [0x00000000f0f80000,0x00000000f2a910c0,0x00000000f2d80000)
  to   space 33792K, 0% used [0x00000000eec80000,0x00000000eec80000,0x00000000f0d80000)
 ParOldGen       total 205824K, used 65767K [0x00000000a0000000, 0x00000000ac900000, 0x00000000e0000000)
  object space 205824K, 31% used [0x00000000a0000000,0x00000000a4039ee0,0x00000000ac900000)
 Metaspace       used 79179K, capacity 82352K, committed 82560K, reserved 1120256K
  class space    used 10435K, capacity 11044K, committed 11136K, reserved 1048576K
GC Heap History (10 events):
Event: 10.288 GC heap before
{Heap before GC invocations=11 (full 2):
 PSYoungGen      total 185856K, used 173642K [0x00000000e0000000, 0x00000000ee480000, 0x0000000100000000)
  eden space 173056K, 92% used [0x00000000e0000000,0x00000000e9d19de8,0x00000000ea900000)
  from space 12800K, 99% used [0x00000000ed800000,0x00000000ee478de8,0x00000000ee480000)
  to   space 15360K, 0% used [0x00000000ec680000,0x00000000ec680000,0x00000000ed580000)
 ParOldGen       total 132096K, used 20824K [0x00000000a0000000, 0x00000000a8100000, 0x00000000e0000000)
  object space 132096K, 15% used [0x00000000a0000000,0x00000000a1456160,0x00000000a8100000)
 Metaspace       used 57180K, capacity 58986K, committed 59096K, reserved 1099776K
  class space    used 7837K, capacity 8273K, committed 8320K, reserved 1048576K
Event: 10.305 GC heap after
Heap after GC invocations=11 (full 2):
 PSYoungGen      total 218624K, used 15329K [0x00000000e0000000, 0x00000000eff00000, 0x0000000100000000)
  eden space 203264K, 0% used [0x00000000e0000000,0x00000000e0000000,0x00000000ec680000)
  from space 15360K, 99% used [0x00000000ec680000,0x00000000ed5787d0,0x00000000ed580000)
  to   space 20480K, 0% used [0x00000000eeb00000,0x00000000eeb00000,0x00000000eff00000)
 ParOldGen       total 132096K, used 29168K [0x00000000a0000000, 0x00000000a8100000, 0x00000000e0000000)
  object space 132096K, 22% used [0x00000000a0000000,0x00000000a1c7c268,0x00000000a8100000)
 Metaspace       used 57180K, capacity 58986K, committed 59096K, reserved 1099776K
  class space    used 7837K, capacity 8273K, committed 8320K, reserved 1048576K
}
Event: 10.305 GC heap before
{Heap before GC invocations=12 (full 3):
 PSYoungGen      total 218624K, used 15329K [0x00000000e0000000, 0x00000000eff00000, 0x0000000100000000)
  eden space 203264K, 0% used [0x00000000e0000000,0x00000000e0000000,0x00000000ec680000)
  from space 15360K, 99% used [0x00000000ec680000,0x00000000ed5787d0,0x00000000ed580000)
  to   space 20480K, 0% used [0x00000000eeb00000,0x00000000eeb00000,0x00000000eff00000)
 ParOldGen       total 132096K, used 29168K [0x00000000a0000000, 0x00000000a8100000, 0x00000000e0000000)
  object space 132096K, 22% used [0x00000000a0000000,0x00000000a1c7c268,0x00000000a8100000)
 Metaspace       used 57180K, capacity 58986K, committed 59096K, reserved 1099776K
  class space    used 7837K, capacity 8273K, committed 8320K, reserved 1048576K
Event: 10.550 GC heap after
Heap after GC invocations=12 (full 3):
 PSYoungGen      total 218624K, used 0K [0x00000000e0000000, 0x00000000eff00000, 0x0000000100000000)
  eden space 203264K, 0% used [0x00000000e0000000,0x00000000e0000000,0x00000000ec680000)
  from space 15360K, 0% used [0x00000000ec680000,0x00000000ec680000,0x00000000ed580000)
  to   space 20480K, 0% used [0x00000000eeb00000,0x00000000eeb00000,0x00000000eff00000)
 ParOldGen       total 205824K, used 38281K [0x00000000a0000000, 0x00000000ac900000, 0x00000000e0000000)
  object space 205824K, 18% used [0x00000000a0000000,0x00000000a2562460,0x00000000ac900000)
 Metaspace       used 57180K, capacity 58986K, committed 59096K, reserved 1099776K
  class space    used 7837K, capacity 8273K, committed 8320K, reserved 1048576K
}
Event: 13.840 GC heap before
{Heap before GC invocations=13 (full 3):
 PSYoungGen      total 218624K, used 203264K [0x00000000e0000000, 0x00000000eff00000, 0x0000000100000000)
  eden space 203264K, 100% used [0x00000000e0000000,0x00000000ec680000,0x00000000ec680000)
  from space 15360K, 0% used [0x00000000ec680000,0x00000000ec680000,0x00000000ed580000)
  to   space 20480K, 0% used [0x00000000eeb00000,0x00000000eeb00000,0x00000000eff00000)
 ParOldGen       total 205824K, used 38281K [0x00000000a0000000, 0x00000000ac900000, 0x00000000e0000000)
  object space 205824K, 18% used [0x00000000a0000000,0x00000000a2562460,0x00000000ac900000)
 Metaspace       used 64440K, capacity 67116K, committed 67328K, reserved 1107968K
  class space    used 8805K, capacity 9382K, committed 9472K, reserved 1048576K
Event: 13.863 GC heap after
Heap after GC invocations=13 (full 3):
 PSYoungGen      total 238080K, used 20394K [0x00000000e0000000, 0x00000000f1280000, 0x0000000100000000)
  eden space 217600K, 0% used [0x00000000e0000000,0x00000000e0000000,0x00000000ed480000)
  from space 20480K, 99% used [0x00000000eeb00000,0x00000000efeeaaf0,0x00000000eff00000)
  to   space 23040K, 0% used [0x00000000ed480000,0x00000000ed480000,0x00000000eeb00000)
 ParOldGen       total 205824K, used 38289K [0x00000000a0000000, 0x00000000ac900000, 0x00000000e0000000)
  object space 205824K, 18% used [0x00000000a0000000,0x00000000a2564460,0x00000000ac900000)
 Metaspace       used 64440K, capacity 67116K, committed 67328K, reserved 1107968K
  class space    used 8805K, capacity 9382K, committed 9472K, reserved 1048576K
}
Event: 19.120 GC heap before
{Heap before GC invocations=14 (full 3):
 PSYoungGen      total 238080K, used 237994K [0x00000000e0000000, 0x00000000f1280000, 0x0000000100000000)
  eden space 217600K, 100% used [0x00000000e0000000,0x00000000ed480000,0x00000000ed480000)
  from space 20480K, 99% used [0x00000000eeb00000,0x00000000efeeaaf0,0x00000000eff00000)
  to   space 23040K, 0% used [0x00000000ed480000,0x00000000ed480000,0x00000000eeb00000)
 ParOldGen       total 205824K, used 38289K [0x00000000a0000000, 0x00000000ac900000, 0x00000000e0000000)
  object space 205824K, 18% used [0x00000000a0000000,0x00000000a2564460,0x00000000ac900000)
 Metaspace       used 70241K, capacity 73152K, committed 73344K, reserved 1112064K
  class space    used 9508K, capacity 10082K, committed 10112K, reserved 1048576K
Event: 19.144 GC heap after
Heap after GC invocations=14 (full 3):
 PSYoungGen      total 240640K, used 23029K [0x00000000e0000000, 0x00000000f2d80000, 0x0000000100000000)
  eden space 217600K, 0% used [0x00000000e0000000,0x00000000e0000000,0x00000000ed480000)
  from space 23040K, 99% used [0x00000000ed480000,0x00000000eeafd440,0x00000000eeb00000)
  to   space 30720K, 0% used [0x00000000f0f80000,0x00000000f0f80000,0x00000000f2d80000)
 ParOldGen       total 205824K, used 51279K [0x00000000a0000000, 0x00000000ac900000, 0x00000000e0000000)
  object space 205824K, 24% used [0x00000000a0000000,0x00000000a3213de0,0x00000000ac900000)
 Metaspace       used 70241K, capacity 73152K, committed 73344K, reserved 1112064K
  class space    used 9508K, capacity 10082K, committed 10112K, reserved 1048576K
}
Event: 44.981 GC heap before
{Heap before GC invocations=15 (full 3):
 PSYoungGen      total 240640K, used 240629K [0x00000000e0000000, 0x00000000f2d80000, 0x0000000100000000)
  eden space 217600K, 100% used [0x00000000e0000000,0x00000000ed480000,0x00000000ed480000)
  from space 23040K, 99% used [0x00000000ed480000,0x00000000eeafd440,0x00000000eeb00000)
  to   space 30720K, 0% used [0x00000000f0f80000,0x00000000f0f80000,0x00000000f2d80000)
 ParOldGen       total 205824K, used 51279K [0x00000000a0000000, 0x00000000ac900000, 0x00000000e0000000)
  object space 205824K, 24% used [0x00000000a0000000,0x00000000a3213de0,0x00000000ac900000)
 Metaspace       used 78083K, capacity 81232K, committed 81408K, reserved 1120256K
  class space    used 10315K, capacity 10936K, committed 11008K, reserved 1048576K
Event: 45.011 GC heap after
Heap after GC invocations=15 (full 3):
 PSYoungGen      total 272896K, used 27716K [0x00000000e0000000, 0x00000000f2e80000, 0x0000000100000000)
  eden space 242176K, 0% used [0x00000000e0000000,0x00000000e0000000,0x00000000eec80000)
  from space 30720K, 90% used [0x00000000f0f80000,0x00000000f2a910c0,0x00000000f2d80000)
  to   space 33792K, 0% used [0x00000000eec80000,0x00000000eec80000,0x00000000f0d80000)
 ParOldGen       total 205824K, used 65767K [0x00000000a0000000, 0x00000000ac900000, 0x00000000e0000000)
  object space 205824K, 31% used [0x00000000a0000000,0x00000000a4039ee0,0x00000000ac900000)
 Metaspace       used 78083K, capacity 81232K, committed 81408K, reserved 1120256K
  class space    used 10315K, capacity 10936K, committed 11008K, reserved 1048576K
}

