# JRE version: OpenJDK Runtime Environment (8.0_212-b04) (build 1.8.0_212-release-1586-b04)
# Java VM: OpenJDK 64-Bit Server VM (25.212-b04 mixed mode windows-amd64 compressed oops)
Heap:
 PSYoungGen      total 235520K, used 65034K [0x00000000e0000000, 0x00000000f0980000, 0x0000000100000000)
  eden space 220672K, 29% used [0x00000000e0000000,0x00000000e3f828e0,0x00000000ed780000)
  from space 14848K, 0% used [0x00000000ed780000,0x00000000ed780000,0x00000000ee600000)
  to   space 19968K, 0% used [0x00000000ef600000,0x00000000ef600000,0x00000000f0980000)
 ParOldGen       total 195584K, used 38655K [0x00000000a0000000, 0x00000000abf00000, 0x00000000e0000000)
  object space 195584K, 19% used [0x00000000a0000000,0x00000000a25bfdb0,0x00000000abf00000)
 Metaspace       used 59857K, capacity 62400K, committed 62592K, reserved 1103872K
  class space    used 8270K, capacity 8812K, committed 8832K, reserved 1048576K
GC Heap History (10 events):
Event: 8.269 GC heap before
{Heap before GC invocations=8 (full 1):
 PSYoungGen      total 132096K, used 65458K [0x00000000e0000000, 0x00000000e8e80000, 0x0000000100000000)
  eden space 121344K, 46% used [0x00000000e0000000,0x00000000e37604d0,0x00000000e7680000)
  from space 10752K, 81% used [0x00000000e8400000,0x00000000e8c8c3d8,0x00000000e8e80000)
  to   space 12288K, 0% used [0x00000000e7680000,0x00000000e7680000,0x00000000e8280000)
 ParOldGen       total 81920K, used 7768K [0x00000000a0000000, 0x00000000a5000000, 0x00000000e0000000)
  object space 81920K, 9% used [0x00000000a0000000,0x00000000a0796168,0x00000000a5000000)
 Metaspace       used 34496K, capacity 35324K, committed 35456K, reserved 1079296K
  class space    used 4720K, capacity 4923K, committed 4992K, reserved 1048576K
Event: 8.279 GC heap after
Heap after GC invocations=8 (full 1):
 PSYoungGen      total 133632K, used 10567K [0x00000000e0000000, 0x00000000ef480000, 0x0000000100000000)
  eden space 121344K, 0% used [0x00000000e0000000,0x00000000e0000000,0x00000000e7680000)
  from space 12288K, 85% used [0x00000000e7680000,0x00000000e80d1c30,0x00000000e8280000)
  to   space 12800K, 0% used [0x00000000ee800000,0x00000000ee800000,0x00000000ef480000)
 ParOldGen       total 81920K, used 7776K [0x00000000a0000000, 0x00000000a5000000, 0x00000000e0000000)
  object space 81920K, 9% used [0x00000000a0000000,0x00000000a0798168,0x00000000a5000000)
 Metaspace       used 34496K, capacity 35324K, committed 35456K, reserved 1079296K
  class space    used 4720K, capacity 4923K, committed 4992K, reserved 1048576K
}
Event: 8.279 GC heap before
{Heap before GC invocations=9 (full 2):
 PSYoungGen      total 133632K, used 10567K [0x00000000e0000000, 0x00000000ef480000, 0x0000000100000000)
  eden space 121344K, 0% used [0x00000000e0000000,0x00000000e0000000,0x00000000e7680000)
  from space 12288K, 85% used [0x00000000e7680000,0x00000000e80d1c30,0x00000000e8280000)
  to   space 12800K, 0% used [0x00000000ee800000,0x00000000ee800000,0x00000000ef480000)
 ParOldGen       total 81920K, used 7776K [0x00000000a0000000, 0x00000000a5000000, 0x00000000e0000000)
  object space 81920K, 9% used [0x00000000a0000000,0x00000000a0798168,0x00000000a5000000)
 Metaspace       used 34496K, capacity 35324K, committed 35456K, reserved 1079296K
  class space    used 4720K, capacity 4923K, committed 4992K, reserved 1048576K
Event: 8.342 GC heap after
Heap after GC invocations=9 (full 2):
 PSYoungGen      total 133632K, used 0K [0x00000000e0000000, 0x00000000ef480000, 0x0000000100000000)
  eden space 121344K, 0% used [0x00000000e0000000,0x00000000e0000000,0x00000000e7680000)
  from space 12288K, 0% used [0x00000000e7680000,0x00000000e7680000,0x00000000e8280000)
  to   space 12800K, 0% used [0x00000000ee800000,0x00000000ee800000,0x00000000ef480000)
 ParOldGen       total 124928K, used 17601K [0x00000000a0000000, 0x00000000a7a00000, 0x00000000e0000000)
  object space 124928K, 14% used [0x00000000a0000000,0x00000000a1130428,0x00000000a7a00000)
 Metaspace       used 34485K, capacity 35288K, committed 35456K, reserved 1079296K
  class space    used 4717K, capacity 4917K, committed 4992K, reserved 1048576K
}
Event: 9.635 GC heap before
{Heap before GC invocations=10 (full 2):
 PSYoungGen      total 133632K, used 121344K [0x00000000e0000000, 0x00000000ef480000, 0x0000000100000000)
  eden space 121344K, 100% used [0x00000000e0000000,0x00000000e7680000,0x00000000e7680000)
  from space 12288K, 0% used [0x00000000e7680000,0x00000000e7680000,0x00000000e8280000)
  to   space 12800K, 0% used [0x00000000ee800000,0x00000000ee800000,0x00000000ef480000)
 ParOldGen       total 124928K, used 17644K [0x00000000a0000000, 0x00000000a7a00000, 0x00000000e0000000)
  object space 124928K, 14% used [0x00000000a0000000,0x00000000a113b320,0x00000000a7a00000)
 Metaspace       used 45394K, capacity 46504K, committed 46592K, reserved 1089536K
  class space    used 6085K, capacity 6382K, committed 6400K, reserved 1048576K
Event: 9.646 GC heap after
Heap after GC invocations=10 (full 2):
 PSYoungGen      total 194048K, used 12771K [0x00000000e0000000, 0x00000000ef480000, 0x0000000100000000)
  eden space 181248K, 0% used [0x00000000e0000000,0x00000000e0000000,0x00000000eb100000)
  from space 12800K, 99% used [0x00000000ee800000,0x00000000ef478f78,0x00000000ef480000)
  to   space 14848K, 0% used [0x00000000ed780000,0x00000000ed780000,0x00000000ee600000)
 ParOldGen       total 124928K, used 19568K [0x00000000a0000000, 0x00000000a7a00000, 0x00000000e0000000)
  object space 124928K, 15% used [0x00000000a0000000,0x00000000a131c128,0x00000000a7a00000)
 Metaspace       used 45394K, capacity 46504K, committed 46592K, reserved 1089536K
  class space    used 6085K, capacity 6382K, committed 6400K, reserved 1048576K
}
Event: 11.369 GC heap before
{Heap before GC invocations=11 (full 2):
 PSYoungGen      total 194048K, used 174755K [0x00000000e0000000, 0x00000000ef480000, 0x0000000100000000)
  eden space 181248K, 89% used [0x00000000e0000000,0x00000000e9e2fef0,0x00000000eb100000)
  from space 12800K, 99% used [0x00000000ee800000,0x00000000ef478f78,0x00000000ef480000)
  to   space 14848K, 0% used [0x00000000ed780000,0x00000000ed780000,0x00000000ee600000)
 ParOldGen       total 124928K, used 19568K [0x00000000a0000000, 0x00000000a7a00000, 0x00000000e0000000)
  object space 124928K, 15% used [0x00000000a0000000,0x00000000a131c128,0x00000000a7a00000)
 Metaspace       used 57286K, capacity 59024K, committed 59096K, reserved 1099776K
  class space    used 7852K, capacity 8264K, committed 8320K, reserved 1048576K
Event: 11.389 GC heap after
Heap after GC invocations=11 (full 2):
 PSYoungGen      total 235520K, used 14833K [0x00000000e0000000, 0x00000000f0980000, 0x0000000100000000)
  eden space 220672K, 0% used [0x00000000e0000000,0x00000000e0000000,0x00000000ed780000)
  from space 14848K, 99% used [0x00000000ed780000,0x00000000ee5fc7e0,0x00000000ee600000)
  to   space 19968K, 0% used [0x00000000ef600000,0x00000000ef600000,0x00000000f0980000)
 ParOldGen       total 124928K, used 28796K [0x00000000a0000000, 0x00000000a7a00000, 0x00000000e0000000)
  object space 124928K, 23% used [0x00000000a0000000,0x00000000a1c1f0c0,0x00000000a7a00000)
 Metaspace       used 57286K, capacity 59024K, committed 59096K, reserved 1099776K
  class space    used 7852K, capacity 8264K, committed 8320K, reserved 1048576K
}
Event: 11.389 GC heap before
{Heap before GC invocations=12 (full 3):
 PSYoungGen      total 235520K, used 14833K [0x00000000e0000000, 0x00000000f0980000, 0x0000000100000000)
  eden space 220672K, 0% used [0x00000000e0000000,0x00000000e0000000,0x00000000ed780000)
  from space 14848K, 99% used [0x00000000ed780000,0x00000000ee5fc7e0,0x00000000ee600000)
  to   space 19968K, 0% used [0x00000000ef600000,0x00000000ef600000,0x00000000f0980000)
 ParOldGen       total 124928K, used 28796K [0x00000000a0000000, 0x00000000a7a00000, 0x00000000e0000000)
  object space 124928K, 23% used [0x00000000a0000000,0x00000000a1c1f0c0,0x00000000a7a00000)
 Metaspace       used 57286K, capacity 59024K, committed 59096K, reserved 1099776K
  class space    used 7852K, capacity 8264K, committed 8320K, reserved 1048576K
Event: 11.680 GC heap after
Heap after GC invocations=12 (full 3):
 PSYoungGen      total 235520K, used 0K [0x00000000e0000000, 0x00000000f0980000, 0x0000000100000000)
  eden space 220672K, 0% used [0x00000000e0000000,0x00000000e0000000,0x00000000ed780000)
  from space 14848K, 0% used [0x00000000ed780000,0x00000000ed780000,0x00000000ee600000)
  to   space 19968K, 0% used [0x00000000ef600000,0x00000000ef600000,0x00000000f0980000)
 ParOldGen       total 195584K, used 38655K [0x00000000a0000000, 0x00000000abf00000, 0x00000000e0000000)
  object space 195584K, 19% used [0x00000000a0000000,0x00000000a25bfdb0,0x00000000abf00000)
 Metaspace       used 57286K, capacity 59024K, committed 59096K, reserved 1099776K
  class space    used 7852K, capacity 8264K, committed 8320K, reserved 1048576K
}

