# JRE version: OpenJDK Runtime Environment (8.0_212-b04) (build 1.8.0_212-release-1586-b04)
# Java VM: OpenJDK 64-Bit Server VM (25.212-b04 mixed mode windows-amd64 compressed oops)
Heap:
 PSYoungGen      total 140800K, used 104965K [0x000000076b800000, 0x0000000774c00000, 0x00000007c0000000)
  eden space 130048K, 72% used [0x000000076b800000,0x0000000771408f50,0x0000000773700000)
  from space 10752K, 99% used [0x0000000774180000,0x0000000774bf86d0,0x0000000774c00000)
  to   space 10752K, 0% used [0x0000000773700000,0x0000000773700000,0x0000000774180000)
 ParOldGen       total 118272K, used 43551K [0x00000006c2800000, 0x00000006c9b80000, 0x000000076b800000)
  object space 118272K, 36% used [0x00000006c2800000,0x00000006c5287e10,0x00000006c9b80000)
 Metaspace       used 52952K, capacity 54123K, committed 54528K, reserved 1097728K
  class space    used 6484K, capacity 6791K, committed 6912K, reserved 1048576K
GC Heap History (10 events):
Event: 1.623 GC heap before
{Heap before GC invocations=2 (full 0):
 PSYoungGen      total 75776K, used 29568K [0x000000076b800000, 0x0000000774c00000, 0x00000007c0000000)
  eden space 65024K, 28% used [0x000000076b800000,0x000000076ca66e10,0x000000076f780000)
  from space 10752K, 99% used [0x000000076f780000,0x00000007701f9330,0x0000000770200000)
  to   space 10752K, 0% used [0x0000000774180000,0x0000000774180000,0x0000000774c00000)
 ParOldGen       total 173568K, used 4942K [0x00000006c2800000, 0x00000006cd180000, 0x000000076b800000)
  object space 173568K, 2% used [0x00000006c2800000,0x00000006c2cd3a18,0x00000006cd180000)
 Metaspace       used 20724K, capacity 21126K, committed 21296K, reserved 1069056K
  class space    used 2459K, capacity 2621K, committed 2688K, reserved 1048576K
Event: 1.631 GC heap after
Heap after GC invocations=2 (full 0):
 PSYoungGen      total 140800K, used 9704K [0x000000076b800000, 0x0000000774c00000, 0x00000007c0000000)
  eden space 130048K, 0% used [0x000000076b800000,0x000000076b800000,0x0000000773700000)
  from space 10752K, 90% used [0x0000000774180000,0x0000000774afa010,0x0000000774c00000)
  to   space 10752K, 0% used [0x0000000773700000,0x0000000773700000,0x0000000774180000)
 ParOldGen       total 173568K, used 5022K [0x00000006c2800000, 0x00000006cd180000, 0x000000076b800000)
  object space 173568K, 2% used [0x00000006c2800000,0x00000006c2ce7a28,0x00000006cd180000)
 Metaspace       used 20724K, capacity 21126K, committed 21296K, reserved 1069056K
  class space    used 2459K, capacity 2621K, committed 2688K, reserved 1048576K
}
Event: 1.631 GC heap before
{Heap before GC invocations=3 (full 1):
 PSYoungGen      total 140800K, used 9704K [0x000000076b800000, 0x0000000774c00000, 0x00000007c0000000)
  eden space 130048K, 0% used [0x000000076b800000,0x000000076b800000,0x0000000773700000)
  from space 10752K, 90% used [0x0000000774180000,0x0000000774afa010,0x0000000774c00000)
  to   space 10752K, 0% used [0x0000000773700000,0x0000000773700000,0x0000000774180000)
 ParOldGen       total 173568K, used 5022K [0x00000006c2800000, 0x00000006cd180000, 0x000000076b800000)
  object space 173568K, 2% used [0x00000006c2800000,0x00000006c2ce7a28,0x00000006cd180000)
 Metaspace       used 20724K, capacity 21126K, committed 21296K, reserved 1069056K
  class space    used 2459K, capacity 2621K, committed 2688K, reserved 1048576K
Event: 1.666 GC heap after
Heap after GC invocations=3 (full 1):
 PSYoungGen      total 140800K, used 0K [0x000000076b800000, 0x0000000774c00000, 0x00000007c0000000)
  eden space 130048K, 0% used [0x000000076b800000,0x000000076b800000,0x0000000773700000)
  from space 10752K, 0% used [0x0000000774180000,0x0000000774180000,0x0000000774c00000)
  to   space 10752K, 0% used [0x0000000773700000,0x0000000773700000,0x0000000774180000)
 ParOldGen       total 118272K, used 9360K [0x00000006c2800000, 0x00000006c9b80000, 0x000000076b800000)
  object space 118272K, 7% used [0x00000006c2800000,0x00000006c3124360,0x00000006c9b80000)
 Metaspace       used 20724K, capacity 21126K, committed 21296K, reserved 1069056K
  class space    used 2459K, capacity 2621K, committed 2688K, reserved 1048576K
}
Event: 3.242 GC heap before
{Heap before GC invocations=4 (full 1):
 PSYoungGen      total 140800K, used 97522K [0x000000076b800000, 0x0000000774c00000, 0x00000007c0000000)
  eden space 130048K, 74% used [0x000000076b800000,0x000000077173ca08,0x0000000773700000)
  from space 10752K, 0% used [0x0000000774180000,0x0000000774180000,0x0000000774c00000)
  to   space 10752K, 0% used [0x0000000773700000,0x0000000773700000,0x0000000774180000)
 ParOldGen       total 118272K, used 9360K [0x00000006c2800000, 0x00000006c9b80000, 0x000000076b800000)
  object space 118272K, 7% used [0x00000006c2800000,0x00000006c3124360,0x00000006c9b80000)
 Metaspace       used 34701K, capacity 35213K, committed 35496K, reserved 1081344K
  class space    used 4412K, capacity 4552K, committed 4608K, reserved 1048576K
Event: 3.260 GC heap after
Heap after GC invocations=4 (full 1):
 PSYoungGen      total 140800K, used 10720K [0x000000076b800000, 0x0000000774c00000, 0x00000007c0000000)
  eden space 130048K, 0% used [0x000000076b800000,0x000000076b800000,0x0000000773700000)
  from space 10752K, 99% used [0x0000000773700000,0x0000000774178308,0x0000000774180000)
  to   space 10752K, 0% used [0x0000000774180000,0x0000000774180000,0x0000000774c00000)
 ParOldGen       total 118272K, used 21586K [0x00000006c2800000, 0x00000006c9b80000, 0x000000076b800000)
  object space 118272K, 18% used [0x00000006c2800000,0x00000006c3d14a68,0x00000006c9b80000)
 Metaspace       used 34701K, capacity 35213K, committed 35496K, reserved 1081344K
  class space    used 4412K, capacity 4552K, committed 4608K, reserved 1048576K
}
Event: 3.260 GC heap before
{Heap before GC invocations=5 (full 2):
 PSYoungGen      total 140800K, used 10720K [0x000000076b800000, 0x0000000774c00000, 0x00000007c0000000)
  eden space 130048K, 0% used [0x000000076b800000,0x000000076b800000,0x0000000773700000)
  from space 10752K, 99% used [0x0000000773700000,0x0000000774178308,0x0000000774180000)
  to   space 10752K, 0% used [0x0000000774180000,0x0000000774180000,0x0000000774c00000)
 ParOldGen       total 118272K, used 21586K [0x00000006c2800000, 0x00000006c9b80000, 0x000000076b800000)
  object space 118272K, 18% used [0x00000006c2800000,0x00000006c3d14a68,0x00000006c9b80000)
 Metaspace       used 34701K, capacity 35213K, committed 35496K, reserved 1081344K
  class space    used 4412K, capacity 4552K, committed 4608K, reserved 1048576K
Event: 3.315 GC heap after
Heap after GC invocations=5 (full 2):
 PSYoungGen      total 140800K, used 0K [0x000000076b800000, 0x0000000774c00000, 0x00000007c0000000)
  eden space 130048K, 0% used [0x000000076b800000,0x000000076b800000,0x0000000773700000)
  from space 10752K, 0% used [0x0000000773700000,0x0000000773700000,0x0000000774180000)
  to   space 10752K, 0% used [0x0000000774180000,0x0000000774180000,0x0000000774c00000)
 ParOldGen       total 118272K, used 28299K [0x00000006c2800000, 0x00000006c9b80000, 0x000000076b800000)
  object space 118272K, 23% used [0x00000006c2800000,0x00000006c43a2d78,0x00000006c9b80000)
 Metaspace       used 34701K, capacity 35213K, committed 35496K, reserved 1081344K
  class space    used 4412K, capacity 4552K, committed 4608K, reserved 1048576K
}
Event: 5.021 GC heap before
{Heap before GC invocations=6 (full 2):
 PSYoungGen      total 140800K, used 130048K [0x000000076b800000, 0x0000000774c00000, 0x00000007c0000000)
  eden space 130048K, 100% used [0x000000076b800000,0x0000000773700000,0x0000000773700000)
  from space 10752K, 0% used [0x0000000773700000,0x0000000773700000,0x0000000774180000)
  to   space 10752K, 0% used [0x0000000774180000,0x0000000774180000,0x0000000774c00000)
 ParOldGen       total 118272K, used 28299K [0x00000006c2800000, 0x00000006c9b80000, 0x000000076b800000)
  object space 118272K, 23% used [0x00000006c2800000,0x00000006c43a2d78,0x00000006c9b80000)
 Metaspace       used 45377K, capacity 46145K, committed 46592K, reserved 1089536K
  class space    used 5630K, capacity 5840K, committed 5888K, reserved 1048576K
Event: 5.035 GC heap after
Heap after GC invocations=6 (full 2):
 PSYoungGen      total 140800K, used 10721K [0x000000076b800000, 0x0000000774c00000, 0x00000007c0000000)
  eden space 130048K, 0% used [0x000000076b800000,0x000000076b800000,0x0000000773700000)
  from space 10752K, 99% used [0x0000000774180000,0x0000000774bf86d0,0x0000000774c00000)
  to   space 10752K, 0% used [0x0000000773700000,0x0000000773700000,0x0000000774180000)
 ParOldGen       total 118272K, used 43551K [0x00000006c2800000, 0x00000006c9b80000, 0x000000076b800000)
  object space 118272K, 36% used [0x00000006c2800000,0x00000006c5287e10,0x00000006c9b80000)
 Metaspace       used 45377K, capacity 46145K, committed 46592K, reserved 1089536K
  class space    used 5630K, capacity 5840K, committed 5888K, reserved 1048576K
}

