# JRE version: OpenJDK Runtime Environment (8.0_212-b04) (build 1.8.0_212-release-1586-b04)
# Java VM: OpenJDK 64-Bit Server VM (25.212-b04 mixed mode windows-amd64 compressed oops)
Heap:
 PSYoungGen      total 102912K, used 20071K [0x000000076b800000, 0x0000000772780000, 0x00000007c0000000)
  eden space 92160K, 10% used [0x000000076b800000,0x000000076c11d710,0x0000000771200000)
  from space 10752K, 99% used [0x0000000771c80000,0x00000007726fc7b8,0x0000000772700000)
  to   space 10752K, 0% used [0x0000000771200000,0x0000000771200000,0x0000000771c80000)
 ParOldGen       total 192000K, used 44785K [0x00000006c2800000, 0x00000006ce380000, 0x000000076b800000)
  object space 192000K, 23% used [0x00000006c2800000,0x00000006c53bc578,0x00000006ce380000)
 Metaspace       used 51931K, capacity 53061K, committed 53376K, reserved 1095680K
  class space    used 6443K, capacity 6748K, committed 6784K, reserved 1048576K
GC Heap History (10 events):
Event: 3.555 GC heap before
{Heap before GC invocations=4 (full 1):
 PSYoungGen      total 75776K, used 65024K [0x000000076b800000, 0x0000000774c00000, 0x00000007c0000000)
  eden space 65024K, 100% used [0x000000076b800000,0x000000076f780000,0x000000076f780000)
  from space 10752K, 0% used [0x0000000770200000,0x0000000770200000,0x0000000770c80000)
  to   space 10752K, 0% used [0x000000076f780000,0x000000076f780000,0x0000000770200000)
 ParOldGen       total 116224K, used 9369K [0x00000006c2800000, 0x00000006c9980000, 0x000000076b800000)
  object space 116224K, 8% used [0x00000006c2800000,0x00000006c3126670,0x00000006c9980000)
 Metaspace       used 29300K, capacity 29844K, committed 30080K, reserved 1075200K
  class space    used 3554K, capacity 3700K, committed 3712K, reserved 1048576K
Event: 3.566 GC heap after
Heap after GC invocations=4 (full 1):
 PSYoungGen      total 75776K, used 10724K [0x000000076b800000, 0x0000000772700000, 0x00000007c0000000)
  eden space 65024K, 0% used [0x000000076b800000,0x000000076b800000,0x000000076f780000)
  from space 10752K, 99% used [0x000000076f780000,0x00000007701f93d8,0x0000000770200000)
  to   space 10752K, 0% used [0x0000000771c80000,0x0000000771c80000,0x0000000772700000)
 ParOldGen       total 116224K, used 14773K [0x00000006c2800000, 0x00000006c9980000, 0x000000076b800000)
  object space 116224K, 12% used [0x00000006c2800000,0x00000006c366d500,0x00000006c9980000)
 Metaspace       used 29300K, capacity 29844K, committed 30080K, reserved 1075200K
  class space    used 3554K, capacity 3700K, committed 3712K, reserved 1048576K
}
Event: 4.232 GC heap before
{Heap before GC invocations=5 (full 1):
 PSYoungGen      total 75776K, used 38519K [0x000000076b800000, 0x0000000772700000, 0x00000007c0000000)
  eden space 65024K, 42% used [0x000000076b800000,0x000000076d3248c8,0x000000076f780000)
  from space 10752K, 99% used [0x000000076f780000,0x00000007701f93d8,0x0000000770200000)
  to   space 10752K, 0% used [0x0000000771c80000,0x0000000771c80000,0x0000000772700000)
 ParOldGen       total 116224K, used 14773K [0x00000006c2800000, 0x00000006c9980000, 0x000000076b800000)
  object space 116224K, 12% used [0x00000006c2800000,0x00000006c366d500,0x00000006c9980000)
 Metaspace       used 34772K, capacity 35305K, committed 35496K, reserved 1081344K
  class space    used 4418K, capacity 4556K, committed 4608K, reserved 1048576K
Event: 4.241 GC heap after
Heap after GC invocations=5 (full 1):
 PSYoungGen      total 102912K, used 10737K [0x000000076b800000, 0x0000000772780000, 0x00000007c0000000)
  eden space 92160K, 0% used [0x000000076b800000,0x000000076b800000,0x0000000771200000)
  from space 10752K, 99% used [0x0000000771c80000,0x00000007726fc508,0x0000000772700000)
  to   space 10752K, 0% used [0x0000000771200000,0x0000000771200000,0x0000000771c80000)
 ParOldGen       total 116224K, used 18430K [0x00000006c2800000, 0x00000006c9980000, 0x000000076b800000)
  object space 116224K, 15% used [0x00000006c2800000,0x00000006c39ffbf8,0x00000006c9980000)
 Metaspace       used 34772K, capacity 35305K, committed 35496K, reserved 1081344K
  class space    used 4418K, capacity 4556K, committed 4608K, reserved 1048576K
}
Event: 4.242 GC heap before
{Heap before GC invocations=6 (full 2):
 PSYoungGen      total 102912K, used 10737K [0x000000076b800000, 0x0000000772780000, 0x00000007c0000000)
  eden space 92160K, 0% used [0x000000076b800000,0x000000076b800000,0x0000000771200000)
  from space 10752K, 99% used [0x0000000771c80000,0x00000007726fc508,0x0000000772700000)
  to   space 10752K, 0% used [0x0000000771200000,0x0000000771200000,0x0000000771c80000)
 ParOldGen       total 116224K, used 18430K [0x00000006c2800000, 0x00000006c9980000, 0x000000076b800000)
  object space 116224K, 15% used [0x00000006c2800000,0x00000006c39ffbf8,0x00000006c9980000)
 Metaspace       used 34772K, capacity 35305K, committed 35496K, reserved 1081344K
  class space    used 4418K, capacity 4556K, committed 4608K, reserved 1048576K
Event: 4.300 GC heap after
Heap after GC invocations=6 (full 2):
 PSYoungGen      total 102912K, used 0K [0x000000076b800000, 0x0000000772780000, 0x00000007c0000000)
  eden space 92160K, 0% used [0x000000076b800000,0x000000076b800000,0x0000000771200000)
  from space 10752K, 0% used [0x0000000771c80000,0x0000000771c80000,0x0000000772700000)
  to   space 10752K, 0% used [0x0000000771200000,0x0000000771200000,0x0000000771c80000)
 ParOldGen       total 192000K, used 20107K [0x00000006c2800000, 0x00000006ce380000, 0x000000076b800000)
  object space 192000K, 10% used [0x00000006c2800000,0x00000006c3ba2d48,0x00000006ce380000)
 Metaspace       used 34772K, capacity 35305K, committed 35496K, reserved 1081344K
  class space    used 4418K, capacity 4556K, committed 4608K, reserved 1048576K
}
Event: 5.799 GC heap before
{Heap before GC invocations=7 (full 2):
 PSYoungGen      total 102912K, used 92160K [0x000000076b800000, 0x0000000772780000, 0x00000007c0000000)
  eden space 92160K, 100% used [0x000000076b800000,0x0000000771200000,0x0000000771200000)
  from space 10752K, 0% used [0x0000000771c80000,0x0000000771c80000,0x0000000772700000)
  to   space 10752K, 0% used [0x0000000771200000,0x0000000771200000,0x0000000771c80000)
 ParOldGen       total 192000K, used 20107K [0x00000006c2800000, 0x00000006ce380000, 0x000000076b800000)
  object space 192000K, 10% used [0x00000006c2800000,0x00000006c3ba2d48,0x00000006ce380000)
 Metaspace       used 44262K, capacity 44933K, committed 45312K, reserved 1089536K
  class space    used 5585K, capacity 5764K, committed 5888K, reserved 1048576K
Event: 5.814 GC heap after
Heap after GC invocations=7 (full 2):
 PSYoungGen      total 102912K, used 10749K [0x000000076b800000, 0x0000000772780000, 0x00000007c0000000)
  eden space 92160K, 0% used [0x000000076b800000,0x000000076b800000,0x0000000771200000)
  from space 10752K, 99% used [0x0000000771200000,0x0000000771c7f508,0x0000000771c80000)
  to   space 10752K, 0% used [0x0000000771c80000,0x0000000771c80000,0x0000000772700000)
 ParOldGen       total 192000K, used 28755K [0x00000006c2800000, 0x00000006ce380000, 0x000000076b800000)
  object space 192000K, 14% used [0x00000006c2800000,0x00000006c4414f60,0x00000006ce380000)
 Metaspace       used 44262K, capacity 44933K, committed 45312K, reserved 1089536K
  class space    used 5585K, capacity 5764K, committed 5888K, reserved 1048576K
}
Event: 8.260 GC heap before
{Heap before GC invocations=8 (full 2):
 PSYoungGen      total 102912K, used 102909K [0x000000076b800000, 0x0000000772780000, 0x00000007c0000000)
  eden space 92160K, 100% used [0x000000076b800000,0x0000000771200000,0x0000000771200000)
  from space 10752K, 99% used [0x0000000771200000,0x0000000771c7f508,0x0000000771c80000)
  to   space 10752K, 0% used [0x0000000771c80000,0x0000000771c80000,0x0000000772700000)
 ParOldGen       total 192000K, used 28755K [0x00000006c2800000, 0x00000006ce380000, 0x000000076b800000)
  object space 192000K, 14% used [0x00000006c2800000,0x00000006c4414f60,0x00000006ce380000)
 Metaspace       used 51545K, capacity 52631K, committed 52864K, reserved 1095680K
  class space    used 6424K, capacity 6715K, committed 6784K, reserved 1048576K
Event: 8.283 GC heap after
Heap after GC invocations=8 (full 2):
 PSYoungGen      total 102912K, used 10737K [0x000000076b800000, 0x0000000772780000, 0x00000007c0000000)
  eden space 92160K, 0% used [0x000000076b800000,0x000000076b800000,0x0000000771200000)
  from space 10752K, 99% used [0x0000000771c80000,0x00000007726fc7b8,0x0000000772700000)
  to   space 10752K, 0% used [0x0000000771200000,0x0000000771200000,0x0000000771c80000)
 ParOldGen       total 192000K, used 44785K [0x00000006c2800000, 0x00000006ce380000, 0x000000076b800000)
  object space 192000K, 23% used [0x00000006c2800000,0x00000006c53bc578,0x00000006ce380000)
 Metaspace       used 51545K, capacity 52631K, committed 52864K, reserved 1095680K
  class space    used 6424K, capacity 6715K, committed 6784K, reserved 1048576K
}

