# JRE version: OpenJDK Runtime Environment (8.0_212-b04) (build 1.8.0_212-release-1586-b04)
# Java VM: OpenJDK 64-Bit Server VM (25.212-b04 mixed mode windows-amd64 compressed oops)
Heap:
 PSYoungGen      total 370176K, used 315469K [0x00000000e0000000, 0x00000000fe880000, 0x0000000100000000)
  eden space 268288K, 87% used [0x00000000e0000000,0x00000000ee5d6c48,0x00000000f0600000)
  from space 101888K, 78% used [0x00000000f7180000,0x00000000fbfbc870,0x00000000fd500000)
  to   space 110080K, 0% used [0x00000000f0600000,0x00000000f0600000,0x00000000f7180000)
 ParOldGen       total 492032K, used 102256K [0x00000000a0000000, 0x00000000be080000, 0x00000000e0000000)
  object space 492032K, 20% used [0x00000000a0000000,0x00000000a63dc298,0x00000000be080000)
 Metaspace       used 165093K, capacity 175118K, committed 176000K, reserved 1202176K
  class space    used 21353K, capacity 23371K, committed 23424K, reserved 1048576K
GC Heap History (10 events):
Event: 12277.232 GC heap before
{Heap before GC invocations=98 (full 7):
 PSYoungGen      total 367104K, used 133000K [0x00000000e0000000, 0x00000000fe280000, 0x0000000100000000)
  eden space 257536K, 35% used [0x00000000e0000000,0x00000000e58f0a28,0x00000000efb80000)
  from space 109568K, 38% used [0x00000000f7780000,0x00000000fa071930,0x00000000fe280000)
  to   space 118272K, 0% used [0x00000000efb80000,0x00000000efb80000,0x00000000f6f00000)
 ParOldGen       total 492032K, used 70950K [0x00000000a0000000, 0x00000000be080000, 0x00000000e0000000)
  object space 492032K, 14% used [0x00000000a0000000,0x00000000a4549820,0x00000000be080000)
 Metaspace       used 154125K, capacity 164186K, committed 164224K, reserved 1191936K
  class space    used 19791K, capacity 21607K, committed 21632K, reserved 1048576K
Event: 12277.256 GC heap after
Heap after GC invocations=98 (full 7):
 PSYoungGen      total 305152K, used 47231K [0x00000000e0000000, 0x00000000fd580000, 0x0000000100000000)
  eden space 257536K, 0% used [0x00000000e0000000,0x00000000e0000000,0x00000000efb80000)
  from space 47616K, 99% used [0x00000000efb80000,0x00000000f299fd48,0x00000000f2a00000)
  to   space 111616K, 0% used [0x00000000f6880000,0x00000000f6880000,0x00000000fd580000)
 ParOldGen       total 492032K, used 70958K [0x00000000a0000000, 0x00000000be080000, 0x00000000e0000000)
  object space 492032K, 14% used [0x00000000a0000000,0x00000000a454b820,0x00000000be080000)
 Metaspace       used 154125K, capacity 164186K, committed 164224K, reserved 1191936K
  class space    used 19791K, capacity 21607K, committed 21632K, reserved 1048576K
}
Event: 12277.257 GC heap before
{Heap before GC invocations=99 (full 8):
 PSYoungGen      total 305152K, used 47231K [0x00000000e0000000, 0x00000000fd580000, 0x0000000100000000)
  eden space 257536K, 0% used [0x00000000e0000000,0x00000000e0000000,0x00000000efb80000)
  from space 47616K, 99% used [0x00000000efb80000,0x00000000f299fd48,0x00000000f2a00000)
  to   space 111616K, 0% used [0x00000000f6880000,0x00000000f6880000,0x00000000fd580000)
 ParOldGen       total 492032K, used 70958K [0x00000000a0000000, 0x00000000be080000, 0x00000000e0000000)
  object space 492032K, 14% used [0x00000000a0000000,0x00000000a454b820,0x00000000be080000)
 Metaspace       used 154125K, capacity 164186K, committed 164224K, reserved 1191936K
  class space    used 19791K, capacity 21607K, committed 21632K, reserved 1048576K
Event: 12277.850 GC heap after
Heap after GC invocations=99 (full 8):
 PSYoungGen      total 305152K, used 0K [0x00000000e0000000, 0x00000000fd580000, 0x0000000100000000)
  eden space 257536K, 0% used [0x00000000e0000000,0x00000000e0000000,0x00000000efb80000)
  from space 47616K, 0% used [0x00000000efb80000,0x00000000efb80000,0x00000000f2a00000)
  to   space 111616K, 0% used [0x00000000f6880000,0x00000000f6880000,0x00000000fd580000)
 ParOldGen       total 492032K, used 102180K [0x00000000a0000000, 0x00000000be080000, 0x00000000e0000000)
  object space 492032K, 20% used [0x00000000a0000000,0x00000000a63c93f0,0x00000000be080000)
 Metaspace       used 152483K, capacity 160360K, committed 164224K, reserved 1191936K
  class space    used 19439K, capacity 20948K, committed 21632K, reserved 1048576K
}
Event: 12285.590 GC heap before
{Heap before GC invocations=100 (full 8):
 PSYoungGen      total 305152K, used 257536K [0x00000000e0000000, 0x00000000fd580000, 0x0000000100000000)
  eden space 257536K, 100% used [0x00000000e0000000,0x00000000efb80000,0x00000000efb80000)
  from space 47616K, 0% used [0x00000000efb80000,0x00000000efb80000,0x00000000f2a00000)
  to   space 111616K, 0% used [0x00000000f6880000,0x00000000f6880000,0x00000000fd580000)
 ParOldGen       total 492032K, used 102229K [0x00000000a0000000, 0x00000000be080000, 0x00000000e0000000)
  object space 492032K, 20% used [0x00000000a0000000,0x00000000a63d5470,0x00000000be080000)
 Metaspace       used 153745K, capacity 161728K, committed 165376K, reserved 1193984K
  class space    used 19585K, capacity 21114K, committed 21760K, reserved 1048576K
Event: 12285.618 GC heap after
Heap after GC invocations=100 (full 8):
 PSYoungGen      total 372736K, used 26708K [0x00000000e0000000, 0x00000000fda80000, 0x0000000100000000)
  eden space 261120K, 0% used [0x00000000e0000000,0x00000000e0000000,0x00000000eff00000)
  from space 111616K, 23% used [0x00000000f6880000,0x00000000f8295128,0x00000000fd580000)
  to   space 108032K, 0% used [0x00000000eff00000,0x00000000eff00000,0x00000000f6880000)
 ParOldGen       total 492032K, used 102237K [0x00000000a0000000, 0x00000000be080000, 0x00000000e0000000)
  object space 492032K, 20% used [0x00000000a0000000,0x00000000a63d7470,0x00000000be080000)
 Metaspace       used 153745K, capacity 161728K, committed 165376K, reserved 1193984K
  class space    used 19585K, capacity 21114K, committed 21760K, reserved 1048576K
}
Event: 12286.886 GC heap before
{Heap before GC invocations=101 (full 8):
 PSYoungGen      total 372736K, used 287828K [0x00000000e0000000, 0x00000000fda80000, 0x0000000100000000)
  eden space 261120K, 100% used [0x00000000e0000000,0x00000000eff00000,0x00000000eff00000)
  from space 111616K, 23% used [0x00000000f6880000,0x00000000f8295128,0x00000000fd580000)
  to   space 108032K, 0% used [0x00000000eff00000,0x00000000eff00000,0x00000000f6880000)
 ParOldGen       total 492032K, used 102239K [0x00000000a0000000, 0x00000000be080000, 0x00000000e0000000)
  object space 492032K, 20% used [0x00000000a0000000,0x00000000a63d7c68,0x00000000be080000)
 Metaspace       used 162539K, capacity 172220K, committed 173440K, reserved 1200128K
  class space    used 21150K, capacity 23122K, committed 23168K, reserved 1048576K
Event: 12286.913 GC heap after
Heap after GC invocations=101 (full 8):
 PSYoungGen      total 369152K, used 40711K [0x00000000e0000000, 0x00000000fd500000, 0x0000000100000000)
  eden space 261120K, 0% used [0x00000000e0000000,0x00000000e0000000,0x00000000eff00000)
  from space 108032K, 37% used [0x00000000eff00000,0x00000000f26c1e40,0x00000000f6880000)
  to   space 101888K, 0% used [0x00000000f7180000,0x00000000f7180000,0x00000000fd500000)
 ParOldGen       total 492032K, used 102247K [0x00000000a0000000, 0x00000000be080000, 0x00000000e0000000)
  object space 492032K, 20% used [0x00000000a0000000,0x00000000a63d9c68,0x00000000be080000)
 Metaspace       used 162539K, capacity 172220K, committed 173440K, reserved 1200128K
  class space    used 21150K, capacity 23122K, committed 23168K, reserved 1048576K
}
Event: 12288.520 GC heap before
{Heap before GC invocations=102 (full 8):
 PSYoungGen      total 369152K, used 301831K [0x00000000e0000000, 0x00000000fd500000, 0x0000000100000000)
  eden space 261120K, 100% used [0x00000000e0000000,0x00000000eff00000,0x00000000eff00000)
  from space 108032K, 37% used [0x00000000eff00000,0x00000000f26c1e40,0x00000000f6880000)
  to   space 101888K, 0% used [0x00000000f7180000,0x00000000f7180000,0x00000000fd500000)
 ParOldGen       total 492032K, used 102248K [0x00000000a0000000, 0x00000000be080000, 0x00000000e0000000)
  object space 492032K, 20% used [0x00000000a0000000,0x00000000a63da298,0x00000000be080000)
 Metaspace       used 164321K, capacity 174228K, committed 175360K, reserved 1202176K
  class space    used 21260K, capacity 23262K, committed 23296K, reserved 1048576K
Event: 12288.566 GC heap after
Heap after GC invocations=102 (full 8):
 PSYoungGen      total 370176K, used 80114K [0x00000000e0000000, 0x00000000fe880000, 0x0000000100000000)
  eden space 268288K, 0% used [0x00000000e0000000,0x00000000e0000000,0x00000000f0600000)
  from space 101888K, 78% used [0x00000000f7180000,0x00000000fbfbc870,0x00000000fd500000)
  to   space 110080K, 0% used [0x00000000f0600000,0x00000000f0600000,0x00000000f7180000)
 ParOldGen       total 492032K, used 102256K [0x00000000a0000000, 0x00000000be080000, 0x00000000e0000000)
  object space 492032K, 20% used [0x00000000a0000000,0x00000000a63dc298,0x00000000be080000)
 Metaspace       used 164321K, capacity 174228K, committed 175360K, reserved 1202176K
  class space    used 21260K, capacity 23262K, committed 23296K, reserved 1048576K
}

