# JRE version: OpenJDK Runtime Environment (8.0_212-b04) (build 1.8.0_212-release-1586-b04)
# Java VM: OpenJDK 64-Bit Server VM (25.212-b04 mixed mode windows-amd64 compressed oops)
Heap:
 PSYoungGen      total 335360K, used 146379K [0x00000000e0000000, 0x00000000f9700000, 0x0000000100000000)
  eden space 292864K, 46% used [0x00000000e0000000,0x00000000e841c420,0x00000000f1e00000)
  from space 42496K, 26% used [0x00000000f1e00000,0x00000000f28d68b8,0x00000000f4780000)
  to   space 41984K, 0% used [0x00000000f6e00000,0x00000000f6e00000,0x00000000f9700000)
 ParOldGen       total 344064K, used 87571K [0x00000000a0000000, 0x00000000b5000000, 0x00000000e0000000)
  object space 344064K, 25% used [0x00000000a0000000,0x00000000a5584d80,0x00000000b5000000)
 Metaspace       used 104477K, capacity 110446K, committed 110504K, reserved 1144832K
  class space    used 13941K, capacity 15252K, committed 15272K, reserved 1048576K
GC Heap History (10 events):
Event: 745.871 GC heap before
{Heap before GC invocations=17 (full 3):
 PSYoungGen      total 262144K, used 262136K [0x00000000e0000000, 0x00000000f5000000, 0x0000000100000000)
  eden space 235520K, 100% used [0x00000000e0000000,0x00000000ee600000,0x00000000ee600000)
  from space 26624K, 99% used [0x00000000ee600000,0x00000000efffe2a0,0x00000000f0000000)
  to   space 38912K, 0% used [0x00000000f2a00000,0x00000000f2a00000,0x00000000f5000000)
 ParOldGen       total 217088K, used 61976K [0x00000000a0000000, 0x00000000ad400000, 0x00000000e0000000)
  object space 217088K, 28% used [0x00000000a0000000,0x00000000a3c862c0,0x00000000ad400000)
 Metaspace       used 86843K, capacity 90762K, committed 90920K, reserved 1128448K
  class space    used 11483K, capacity 12272K, committed 12328K, reserved 1048576K
Event: 745.901 GC heap after
Heap after GC invocations=17 (full 3):
 PSYoungGen      total 290816K, used 20174K [0x00000000e0000000, 0x00000000f4780000, 0x0000000100000000)
  eden space 260608K, 0% used [0x00000000e0000000,0x00000000e0000000,0x00000000efe80000)
  from space 30208K, 66% used [0x00000000f2a00000,0x00000000f3db38f0,0x00000000f4780000)
  to   space 37376K, 0% used [0x00000000efe80000,0x00000000efe80000,0x00000000f2300000)
 ParOldGen       total 217088K, used 76322K [0x00000000a0000000, 0x00000000ad400000, 0x00000000e0000000)
  object space 217088K, 35% used [0x00000000a0000000,0x00000000a4a88bd0,0x00000000ad400000)
 Metaspace       used 86843K, capacity 90762K, committed 90920K, reserved 1128448K
  class space    used 11483K, capacity 12272K, committed 12328K, reserved 1048576K
}
Event: 747.769 GC heap before
{Heap before GC invocations=18 (full 3):
 PSYoungGen      total 290816K, used 280782K [0x00000000e0000000, 0x00000000f4780000, 0x0000000100000000)
  eden space 260608K, 100% used [0x00000000e0000000,0x00000000efe80000,0x00000000efe80000)
  from space 30208K, 66% used [0x00000000f2a00000,0x00000000f3db38f0,0x00000000f4780000)
  to   space 37376K, 0% used [0x00000000efe80000,0x00000000efe80000,0x00000000f2300000)
 ParOldGen       total 217088K, used 76450K [0x00000000a0000000, 0x00000000ad400000, 0x00000000e0000000)
  object space 217088K, 35% used [0x00000000a0000000,0x00000000a4aa8be0,0x00000000ad400000)
 Metaspace       used 93317K, capacity 97218K, committed 97576K, reserved 1134592K
  class space    used 12201K, capacity 13024K, committed 13096K, reserved 1048576K
Event: 747.808 GC heap after
Heap after GC invocations=18 (full 3):
 PSYoungGen      total 297984K, used 34618K [0x00000000e0000000, 0x00000000f7080000, 0x0000000100000000)
  eden space 260608K, 0% used [0x00000000e0000000,0x00000000e0000000,0x00000000efe80000)
  from space 37376K, 92% used [0x00000000efe80000,0x00000000f204ea90,0x00000000f2300000)
  to   space 41984K, 0% used [0x00000000f4780000,0x00000000f4780000,0x00000000f7080000)
 ParOldGen       total 217088K, used 76466K [0x00000000a0000000, 0x00000000ad400000, 0x00000000e0000000)
  object space 217088K, 35% used [0x00000000a0000000,0x00000000a4aacbe0,0x00000000ad400000)
 Metaspace       used 93317K, capacity 97218K, committed 97576K, reserved 1134592K
  class space    used 12201K, capacity 13024K, committed 13096K, reserved 1048576K
}
Event: 748.157 GC heap before
{Heap before GC invocations=19 (full 3):
 PSYoungGen      total 297984K, used 137567K [0x00000000e0000000, 0x00000000f7080000, 0x0000000100000000)
  eden space 260608K, 39% used [0x00000000e0000000,0x00000000e6489228,0x00000000efe80000)
  from space 37376K, 92% used [0x00000000efe80000,0x00000000f204ea90,0x00000000f2300000)
  to   space 41984K, 0% used [0x00000000f4780000,0x00000000f4780000,0x00000000f7080000)
 ParOldGen       total 217088K, used 76466K [0x00000000a0000000, 0x00000000ad400000, 0x00000000e0000000)
  object space 217088K, 35% used [0x00000000a0000000,0x00000000a4aacbe0,0x00000000ad400000)
 Metaspace       used 94493K, capacity 98598K, committed 98600K, reserved 1134592K
  class space    used 12381K, capacity 13222K, committed 13224K, reserved 1048576K
Event: 748.178 GC heap after
Heap after GC invocations=19 (full 3):
 PSYoungGen      total 334848K, used 27487K [0x00000000e0000000, 0x00000000f8300000, 0x0000000100000000)
  eden space 292864K, 0% used [0x00000000e0000000,0x00000000e0000000,0x00000000f1e00000)
  from space 41984K, 65% used [0x00000000f4780000,0x00000000f6257c78,0x00000000f7080000)
  to   space 42496K, 0% used [0x00000000f1e00000,0x00000000f1e00000,0x00000000f4780000)
 ParOldGen       total 217088K, used 76474K [0x00000000a0000000, 0x00000000ad400000, 0x00000000e0000000)
  object space 217088K, 35% used [0x00000000a0000000,0x00000000a4aaebe0,0x00000000ad400000)
 Metaspace       used 94493K, capacity 98598K, committed 98600K, reserved 1134592K
  class space    used 12381K, capacity 13222K, committed 13224K, reserved 1048576K
}
Event: 748.178 GC heap before
{Heap before GC invocations=20 (full 4):
 PSYoungGen      total 334848K, used 27487K [0x00000000e0000000, 0x00000000f8300000, 0x0000000100000000)
  eden space 292864K, 0% used [0x00000000e0000000,0x00000000e0000000,0x00000000f1e00000)
  from space 41984K, 65% used [0x00000000f4780000,0x00000000f6257c78,0x00000000f7080000)
  to   space 42496K, 0% used [0x00000000f1e00000,0x00000000f1e00000,0x00000000f4780000)
 ParOldGen       total 217088K, used 76474K [0x00000000a0000000, 0x00000000ad400000, 0x00000000e0000000)
  object space 217088K, 35% used [0x00000000a0000000,0x00000000a4aaebe0,0x00000000ad400000)
 Metaspace       used 94493K, capacity 98598K, committed 98600K, reserved 1134592K
  class space    used 12381K, capacity 13222K, committed 13224K, reserved 1048576K
Event: 748.399 GC heap after
Heap after GC invocations=20 (full 4):
 PSYoungGen      total 334848K, used 0K [0x00000000e0000000, 0x00000000f8300000, 0x0000000100000000)
  eden space 292864K, 0% used [0x00000000e0000000,0x00000000e0000000,0x00000000f1e00000)
  from space 41984K, 0% used [0x00000000f4780000,0x00000000f4780000,0x00000000f7080000)
  to   space 42496K, 0% used [0x00000000f1e00000,0x00000000f1e00000,0x00000000f4780000)
 ParOldGen       total 344064K, used 87533K [0x00000000a0000000, 0x00000000b5000000, 0x00000000e0000000)
  object space 344064K, 25% used [0x00000000a0000000,0x00000000a557b570,0x00000000b5000000)
 Metaspace       used 94358K, capacity 98246K, committed 98600K, reserved 1134592K
  class space    used 12337K, capacity 13144K, committed 13224K, reserved 1048576K
}
Event: 750.396 GC heap before
{Heap before GC invocations=21 (full 4):
 PSYoungGen      total 334848K, used 292864K [0x00000000e0000000, 0x00000000f8300000, 0x0000000100000000)
  eden space 292864K, 100% used [0x00000000e0000000,0x00000000f1e00000,0x00000000f1e00000)
  from space 41984K, 0% used [0x00000000f4780000,0x00000000f4780000,0x00000000f7080000)
  to   space 42496K, 0% used [0x00000000f1e00000,0x00000000f1e00000,0x00000000f4780000)
 ParOldGen       total 344064K, used 87563K [0x00000000a0000000, 0x00000000b5000000, 0x00000000e0000000)
  object space 344064K, 25% used [0x00000000a0000000,0x00000000a5582d80,0x00000000b5000000)
 Metaspace       used 103505K, capacity 109258K, committed 109352K, reserved 1142784K
  class space    used 13809K, capacity 15090K, committed 15144K, reserved 1048576K
Event: 750.408 GC heap after
Heap after GC invocations=21 (full 4):
 PSYoungGen      total 335360K, used 11098K [0x00000000e0000000, 0x00000000f9700000, 0x0000000100000000)
  eden space 292864K, 0% used [0x00000000e0000000,0x00000000e0000000,0x00000000f1e00000)
  from space 42496K, 26% used [0x00000000f1e00000,0x00000000f28d68b8,0x00000000f4780000)
  to   space 41984K, 0% used [0x00000000f6e00000,0x00000000f6e00000,0x00000000f9700000)
 ParOldGen       total 344064K, used 87571K [0x00000000a0000000, 0x00000000b5000000, 0x00000000e0000000)
  object space 344064K, 25% used [0x00000000a0000000,0x00000000a5584d80,0x00000000b5000000)
 Metaspace       used 103505K, capacity 109258K, committed 109352K, reserved 1142784K
  class space    used 13809K, capacity 15090K, committed 15144K, reserved 1048576K
}

