# JRE version: OpenJDK Runtime Environment (8.0_212-b04) (build 1.8.0_212-release-1586-b04)
# Java VM: OpenJDK 64-Bit Server VM (25.212-b04 mixed mode windows-amd64 compressed oops)
Heap:
 PSYoungGen      total 267264K, used 79102K [0x00000000e0000000, 0x00000000f1d80000, 0x0000000100000000)
  eden space 247296K, 23% used [0x00000000e0000000,0x00000000e39c1180,0x00000000ef180000)
  from space 19968K, 99% used [0x00000000f0700000,0x00000000f1a7e980,0x00000000f1a80000)
  to   space 22016K, 0% used [0x00000000ef180000,0x00000000ef180000,0x00000000f0700000)
 ParOldGen       total 186880K, used 90501K [0x00000000a0000000, 0x00000000ab680000, 0x00000000e0000000)
  object space 186880K, 48% used [0x00000000a0000000,0x00000000a5861668,0x00000000ab680000)
 Metaspace       used 80874K, capacity 84882K, committed 85120K, reserved 1122304K
  class space    used 11123K, capacity 12057K, committed 12160K, reserved 1048576K
GC Heap History (10 events):
Event: 10.670 GC heap before
{Heap before GC invocations=11 (full 2):
 PSYoungGen      total 200704K, used 177844K [0x00000000e0000000, 0x00000000eec80000, 0x0000000100000000)
  eden space 187904K, 87% used [0x00000000e0000000,0x00000000ea1310f8,0x00000000eb780000)
  from space 12800K, 99% used [0x00000000ee000000,0x00000000eec7c0e8,0x00000000eec80000)
  to   space 14848K, 0% used [0x00000000ecf80000,0x00000000ecf80000,0x00000000ede00000)
 ParOldGen       total 120320K, used 19583K [0x00000000a0000000, 0x00000000a7580000, 0x00000000e0000000)
  object space 120320K, 16% used [0x00000000a0000000,0x00000000a131feb0,0x00000000a7580000)
 Metaspace       used 57273K, capacity 59028K, committed 59096K, reserved 1099776K
  class space    used 7846K, capacity 8264K, committed 8320K, reserved 1048576K
Event: 10.690 GC heap after
Heap after GC invocations=11 (full 2):
 PSYoungGen      total 227328K, used 14833K [0x00000000e0000000, 0x00000000f1a80000, 0x0000000100000000)
  eden space 212480K, 0% used [0x00000000e0000000,0x00000000e0000000,0x00000000ecf80000)
  from space 14848K, 99% used [0x00000000ecf80000,0x00000000eddfc7c0,0x00000000ede00000)
  to   space 19968K, 0% used [0x00000000f0700000,0x00000000f0700000,0x00000000f1a80000)
 ParOldGen       total 120320K, used 28827K [0x00000000a0000000, 0x00000000a7580000, 0x00000000e0000000)
  object space 120320K, 23% used [0x00000000a0000000,0x00000000a1c26d30,0x00000000a7580000)
 Metaspace       used 57273K, capacity 59028K, committed 59096K, reserved 1099776K
  class space    used 7846K, capacity 8264K, committed 8320K, reserved 1048576K
}
Event: 10.690 GC heap before
{Heap before GC invocations=12 (full 3):
 PSYoungGen      total 227328K, used 14833K [0x00000000e0000000, 0x00000000f1a80000, 0x0000000100000000)
  eden space 212480K, 0% used [0x00000000e0000000,0x00000000e0000000,0x00000000ecf80000)
  from space 14848K, 99% used [0x00000000ecf80000,0x00000000eddfc7c0,0x00000000ede00000)
  to   space 19968K, 0% used [0x00000000f0700000,0x00000000f0700000,0x00000000f1a80000)
 ParOldGen       total 120320K, used 28827K [0x00000000a0000000, 0x00000000a7580000, 0x00000000e0000000)
  object space 120320K, 23% used [0x00000000a0000000,0x00000000a1c26d30,0x00000000a7580000)
 Metaspace       used 57273K, capacity 59028K, committed 59096K, reserved 1099776K
  class space    used 7846K, capacity 8264K, committed 8320K, reserved 1048576K
Event: 10.981 GC heap after
Heap after GC invocations=12 (full 3):
 PSYoungGen      total 227328K, used 0K [0x00000000e0000000, 0x00000000f1a80000, 0x0000000100000000)
  eden space 212480K, 0% used [0x00000000e0000000,0x00000000e0000000,0x00000000ecf80000)
  from space 14848K, 0% used [0x00000000ecf80000,0x00000000ecf80000,0x00000000ede00000)
  to   space 19968K, 0% used [0x00000000f0700000,0x00000000f0700000,0x00000000f1a80000)
 ParOldGen       total 186880K, used 38647K [0x00000000a0000000, 0x00000000ab680000, 0x00000000e0000000)
  object space 186880K, 20% used [0x00000000a0000000,0x00000000a25bde60,0x00000000ab680000)
 Metaspace       used 57273K, capacity 59028K, committed 59096K, reserved 1099776K
  class space    used 7846K, capacity 8264K, committed 8320K, reserved 1048576K
}
Event: 13.430 GC heap before
{Heap before GC invocations=13 (full 3):
 PSYoungGen      total 227328K, used 212480K [0x00000000e0000000, 0x00000000f1a80000, 0x0000000100000000)
  eden space 212480K, 100% used [0x00000000e0000000,0x00000000ecf80000,0x00000000ecf80000)
  from space 14848K, 0% used [0x00000000ecf80000,0x00000000ecf80000,0x00000000ede00000)
  to   space 19968K, 0% used [0x00000000f0700000,0x00000000f0700000,0x00000000f1a80000)
 ParOldGen       total 186880K, used 38647K [0x00000000a0000000, 0x00000000ab680000, 0x00000000e0000000)
  object space 186880K, 20% used [0x00000000a0000000,0x00000000a25bde60,0x00000000ab680000)
 Metaspace       used 61974K, capacity 64576K, committed 64640K, reserved 1105920K
  class space    used 8525K, capacity 9062K, committed 9088K, reserved 1048576K
Event: 13.445 GC heap after
Heap after GC invocations=13 (full 3):
 PSYoungGen      total 267264K, used 18477K [0x00000000e0000000, 0x00000000f1d80000, 0x0000000100000000)
  eden space 247296K, 0% used [0x00000000e0000000,0x00000000e0000000,0x00000000ef180000)
  from space 19968K, 92% used [0x00000000f0700000,0x00000000f190b6c0,0x00000000f1a80000)
  to   space 22016K, 0% used [0x00000000ef180000,0x00000000ef180000,0x00000000f0700000)
 ParOldGen       total 186880K, used 38655K [0x00000000a0000000, 0x00000000ab680000, 0x00000000e0000000)
  object space 186880K, 20% used [0x00000000a0000000,0x00000000a25bfe60,0x00000000ab680000)
 Metaspace       used 61974K, capacity 64576K, committed 64640K, reserved 1105920K
  class space    used 8525K, capacity 9062K, committed 9088K, reserved 1048576K
}
Event: 16.611 GC heap before
{Heap before GC invocations=14 (full 3):
 PSYoungGen      total 267264K, used 265773K [0x00000000e0000000, 0x00000000f1d80000, 0x0000000100000000)
  eden space 247296K, 100% used [0x00000000e0000000,0x00000000ef180000,0x00000000ef180000)
  from space 19968K, 92% used [0x00000000f0700000,0x00000000f190b6c0,0x00000000f1a80000)
  to   space 22016K, 0% used [0x00000000ef180000,0x00000000ef180000,0x00000000f0700000)
 ParOldGen       total 186880K, used 38655K [0x00000000a0000000, 0x00000000ab680000, 0x00000000e0000000)
  object space 186880K, 20% used [0x00000000a0000000,0x00000000a25bfe60,0x00000000ab680000)
 Metaspace       used 73326K, capacity 76080K, committed 76288K, reserved 1116160K
  class space    used 9829K, capacity 10388K, committed 10496K, reserved 1048576K
Event: 16.660 GC heap after
Heap after GC invocations=14 (full 3):
 PSYoungGen      total 269312K, used 22000K [0x00000000e0000000, 0x00000000f1d80000, 0x0000000100000000)
  eden space 247296K, 0% used [0x00000000e0000000,0x00000000e0000000,0x00000000ef180000)
  from space 22016K, 99% used [0x00000000ef180000,0x00000000f06fc0f0,0x00000000f0700000)
  to   space 19968K, 0% used [0x00000000f0700000,0x00000000f0700000,0x00000000f1a80000)
 ParOldGen       total 186880K, used 54343K [0x00000000a0000000, 0x00000000ab680000, 0x00000000e0000000)
  object space 186880K, 29% used [0x00000000a0000000,0x00000000a3511e48,0x00000000ab680000)
 Metaspace       used 73326K, capacity 76080K, committed 76288K, reserved 1116160K
  class space    used 9829K, capacity 10388K, committed 10496K, reserved 1048576K
}
Event: 17.520 GC heap before
{Heap before GC invocations=15 (full 3):
 PSYoungGen      total 269312K, used 269296K [0x00000000e0000000, 0x00000000f1d80000, 0x0000000100000000)
  eden space 247296K, 100% used [0x00000000e0000000,0x00000000ef180000,0x00000000ef180000)
  from space 22016K, 99% used [0x00000000ef180000,0x00000000f06fc0f0,0x00000000f0700000)
  to   space 19968K, 0% used [0x00000000f0700000,0x00000000f0700000,0x00000000f1a80000)
 ParOldGen       total 186880K, used 54343K [0x00000000a0000000, 0x00000000ab680000, 0x00000000e0000000)
  object space 186880K, 29% used [0x00000000a0000000,0x00000000a3511e48,0x00000000ab680000)
 Metaspace       used 75918K, capacity 79020K, committed 79232K, reserved 1118208K
  class space    used 10214K, capacity 10846K, committed 10880K, reserved 1048576K
Event: 17.566 GC heap after
Heap after GC invocations=15 (full 3):
 PSYoungGen      total 267264K, used 19962K [0x00000000e0000000, 0x00000000f1d80000, 0x0000000100000000)
  eden space 247296K, 0% used [0x00000000e0000000,0x00000000e0000000,0x00000000ef180000)
  from space 19968K, 99% used [0x00000000f0700000,0x00000000f1a7e980,0x00000000f1a80000)
  to   space 22016K, 0% used [0x00000000ef180000,0x00000000ef180000,0x00000000f0700000)
 ParOldGen       total 186880K, used 90501K [0x00000000a0000000, 0x00000000ab680000, 0x00000000e0000000)
  object space 186880K, 48% used [0x00000000a0000000,0x00000000a5861668,0x00000000ab680000)
 Metaspace       used 75918K, capacity 79020K, committed 79232K, reserved 1118208K
  class space    used 10214K, capacity 10846K, committed 10880K, reserved 1048576K
}

