# JRE version: OpenJDK Runtime Environment (8.0_212-b04) (build 1.8.0_212-release-1586-b04)
# Java VM: OpenJDK 64-Bit Server VM (25.212-b04 mixed mode windows-amd64 compressed oops)
Heap:
 PSYoungGen      total 102400K, used 34821K [0x000000076b800000, 0x0000000775c00000, 0x00000007c0000000)
  eden space 91648K, 26% used [0x000000076b800000,0x000000076cf83200,0x0000000771180000)
  from space 10752K, 99% used [0x0000000771180000,0x0000000771bfe2c8,0x0000000771c00000)
  to   space 21504K, 0% used [0x0000000774700000,0x0000000774700000,0x0000000775c00000)
 ParOldGen       total 193024K, used 29111K [0x00000006c2800000, 0x00000006ce480000, 0x000000076b800000)
  object space 193024K, 15% used [0x00000006c2800000,0x00000006c446dd28,0x00000006ce480000)
 Metaspace       used 45114K, capacity 45829K, committed 46336K, reserved 1089536K
  class space    used 5610K, capacity 5804K, committed 5888K, reserved 1048576K
GC Heap History (10 events):
Event: 1.741 GC heap before
{Heap before GC invocations=3 (full 1):
 PSYoungGen      total 75776K, used 9660K [0x000000076b800000, 0x0000000774c00000, 0x00000007c0000000)
  eden space 65024K, 0% used [0x000000076b800000,0x000000076b800000,0x000000076f780000)
  from space 10752K, 89% used [0x0000000770200000,0x0000000770b6f0e8,0x0000000770c80000)
  to   space 10752K, 0% used [0x000000076f780000,0x000000076f780000,0x0000000770200000)
 ParOldGen       total 173568K, used 5013K [0x00000006c2800000, 0x00000006cd180000, 0x000000076b800000)
  object space 173568K, 2% used [0x00000006c2800000,0x00000006c2ce5718,0x00000006cd180000)
 Metaspace       used 20727K, capacity 21130K, committed 21296K, reserved 1069056K
  class space    used 2459K, capacity 2621K, committed 2688K, reserved 1048576K
Event: 1.778 GC heap after
Heap after GC invocations=3 (full 1):
 PSYoungGen      total 75776K, used 0K [0x000000076b800000, 0x0000000774c00000, 0x00000007c0000000)
  eden space 65024K, 0% used [0x000000076b800000,0x000000076b800000,0x000000076f780000)
  from space 10752K, 0% used [0x0000000770200000,0x0000000770200000,0x0000000770c80000)
  to   space 10752K, 0% used [0x000000076f780000,0x000000076f780000,0x0000000770200000)
 ParOldGen       total 117760K, used 9355K [0x00000006c2800000, 0x00000006c9b00000, 0x000000076b800000)
  object space 117760K, 7% used [0x00000006c2800000,0x00000006c3122c50,0x00000006c9b00000)
 Metaspace       used 20727K, capacity 21130K, committed 21296K, reserved 1069056K
  class space    used 2459K, capacity 2621K, committed 2688K, reserved 1048576K
}
Event: 2.873 GC heap before
{Heap before GC invocations=4 (full 1):
 PSYoungGen      total 75776K, used 65024K [0x000000076b800000, 0x0000000774c00000, 0x00000007c0000000)
  eden space 65024K, 100% used [0x000000076b800000,0x000000076f780000,0x000000076f780000)
  from space 10752K, 0% used [0x0000000770200000,0x0000000770200000,0x0000000770c80000)
  to   space 10752K, 0% used [0x000000076f780000,0x000000076f780000,0x0000000770200000)
 ParOldGen       total 117760K, used 9355K [0x00000006c2800000, 0x00000006c9b00000, 0x000000076b800000)
  object space 117760K, 7% used [0x00000006c2800000,0x00000006c3122c50,0x00000006c9b00000)
 Metaspace       used 29306K, capacity 29876K, committed 30208K, reserved 1075200K
  class space    used 3564K, capacity 3732K, committed 3840K, reserved 1048576K
Event: 2.885 GC heap after
Heap after GC invocations=4 (full 1):
 PSYoungGen      total 75776K, used 10737K [0x000000076b800000, 0x0000000772680000, 0x00000007c0000000)
  eden space 65024K, 0% used [0x000000076b800000,0x000000076b800000,0x000000076f780000)
  from space 10752K, 99% used [0x000000076f780000,0x00000007701fc470,0x0000000770200000)
  to   space 10752K, 0% used [0x0000000771c00000,0x0000000771c00000,0x0000000772680000)
 ParOldGen       total 117760K, used 14860K [0x00000006c2800000, 0x00000006c9b00000, 0x000000076b800000)
  object space 117760K, 12% used [0x00000006c2800000,0x00000006c36830a0,0x00000006c9b00000)
 Metaspace       used 29306K, capacity 29876K, committed 30208K, reserved 1075200K
  class space    used 3564K, capacity 3732K, committed 3840K, reserved 1048576K
}
Event: 3.614 GC heap before
{Heap before GC invocations=5 (full 1):
 PSYoungGen      total 75776K, used 39842K [0x000000076b800000, 0x0000000772680000, 0x00000007c0000000)
  eden space 65024K, 44% used [0x000000076b800000,0x000000076d46c550,0x000000076f780000)
  from space 10752K, 99% used [0x000000076f780000,0x00000007701fc470,0x0000000770200000)
  to   space 10752K, 0% used [0x0000000771c00000,0x0000000771c00000,0x0000000772680000)
 ParOldGen       total 117760K, used 14860K [0x00000006c2800000, 0x00000006c9b00000, 0x000000076b800000)
  object space 117760K, 12% used [0x00000006c2800000,0x00000006c36830a0,0x00000006c9b00000)
 Metaspace       used 34726K, capacity 35263K, committed 35496K, reserved 1081344K
  class space    used 4412K, capacity 4549K, committed 4608K, reserved 1048576K
Event: 3.626 GC heap after
Heap after GC invocations=5 (full 1):
 PSYoungGen      total 102400K, used 10740K [0x000000076b800000, 0x0000000772700000, 0x00000007c0000000)
  eden space 91648K, 0% used [0x000000076b800000,0x000000076b800000,0x0000000771180000)
  from space 10752K, 99% used [0x0000000771c00000,0x000000077267d3b0,0x0000000772680000)
  to   space 10752K, 0% used [0x0000000771180000,0x0000000771180000,0x0000000771c00000)
 ParOldGen       total 117760K, used 18464K [0x00000006c2800000, 0x00000006c9b00000, 0x000000076b800000)
  object space 117760K, 15% used [0x00000006c2800000,0x00000006c3a08198,0x00000006c9b00000)
 Metaspace       used 34726K, capacity 35263K, committed 35496K, reserved 1081344K
  class space    used 4412K, capacity 4549K, committed 4608K, reserved 1048576K
}
Event: 3.626 GC heap before
{Heap before GC invocations=6 (full 2):
 PSYoungGen      total 102400K, used 10740K [0x000000076b800000, 0x0000000772700000, 0x00000007c0000000)
  eden space 91648K, 0% used [0x000000076b800000,0x000000076b800000,0x0000000771180000)
  from space 10752K, 99% used [0x0000000771c00000,0x000000077267d3b0,0x0000000772680000)
  to   space 10752K, 0% used [0x0000000771180000,0x0000000771180000,0x0000000771c00000)
 ParOldGen       total 117760K, used 18464K [0x00000006c2800000, 0x00000006c9b00000, 0x000000076b800000)
  object space 117760K, 15% used [0x00000006c2800000,0x00000006c3a08198,0x00000006c9b00000)
 Metaspace       used 34726K, capacity 35263K, committed 35496K, reserved 1081344K
  class space    used 4412K, capacity 4549K, committed 4608K, reserved 1048576K
Event: 3.683 GC heap after
Heap after GC invocations=6 (full 2):
 PSYoungGen      total 102400K, used 0K [0x000000076b800000, 0x0000000772700000, 0x00000007c0000000)
  eden space 91648K, 0% used [0x000000076b800000,0x000000076b800000,0x0000000771180000)
  from space 10752K, 0% used [0x0000000771c00000,0x0000000771c00000,0x0000000772680000)
  to   space 10752K, 0% used [0x0000000771180000,0x0000000771180000,0x0000000771c00000)
 ParOldGen       total 193024K, used 20059K [0x00000006c2800000, 0x00000006ce480000, 0x000000076b800000)
  object space 193024K, 10% used [0x00000006c2800000,0x00000006c3b96d10,0x00000006ce480000)
 Metaspace       used 34726K, capacity 35263K, committed 35496K, reserved 1081344K
  class space    used 4412K, capacity 4549K, committed 4608K, reserved 1048576K
}
Event: 6.028 GC heap before
{Heap before GC invocations=7 (full 2):
 PSYoungGen      total 102400K, used 91648K [0x000000076b800000, 0x0000000772700000, 0x00000007c0000000)
  eden space 91648K, 100% used [0x000000076b800000,0x0000000771180000,0x0000000771180000)
  from space 10752K, 0% used [0x0000000771c00000,0x0000000771c00000,0x0000000772680000)
  to   space 10752K, 0% used [0x0000000771180000,0x0000000771180000,0x0000000771c00000)
 ParOldGen       total 193024K, used 20059K [0x00000006c2800000, 0x00000006ce480000, 0x000000076b800000)
  object space 193024K, 10% used [0x00000006c2800000,0x00000006c3b96d10,0x00000006ce480000)
 Metaspace       used 44390K, capacity 45065K, committed 45568K, reserved 1089536K
  class space    used 5587K, capacity 5764K, committed 5888K, reserved 1048576K
Event: 6.058 GC heap after
Heap after GC invocations=7 (full 2):
 PSYoungGen      total 102400K, used 10744K [0x000000076b800000, 0x0000000775c00000, 0x00000007c0000000)
  eden space 91648K, 0% used [0x000000076b800000,0x000000076b800000,0x0000000771180000)
  from space 10752K, 99% used [0x0000000771180000,0x0000000771bfe2c8,0x0000000771c00000)
  to   space 21504K, 0% used [0x0000000774700000,0x0000000774700000,0x0000000775c00000)
 ParOldGen       total 193024K, used 29111K [0x00000006c2800000, 0x00000006ce480000, 0x000000076b800000)
  object space 193024K, 15% used [0x00000006c2800000,0x00000006c446dd28,0x00000006ce480000)
 Metaspace       used 44390K, capacity 45065K, committed 45568K, reserved 1089536K
  class space    used 5587K, capacity 5764K, committed 5888K, reserved 1048576K
}

