# JRE version: OpenJDK Runtime Environment (8.0_212-b04) (build 1.8.0_212-release-1586-b04)
# Java VM: OpenJDK 64-Bit Server VM (25.212-b04 mixed mode windows-amd64 compressed oops)
Heap:
 PSYoungGen      total 193536K, used 152895K [0x00000000e0000000, 0x00000000ef000000, 0x0000000100000000)
  eden space 180736K, 77% used [0x00000000e0000000,0x00000000e88d47e0,0x00000000eb080000)
  from space 12800K, 99% used [0x00000000ee380000,0x00000000eeffb768,0x00000000ef000000)
  to   space 14848K, 0% used [0x00000000ed300000,0x00000000ed300000,0x00000000ee180000)
 ParOldGen       total 124928K, used 19698K [0x00000000a0000000, 0x00000000a7a00000, 0x00000000e0000000)
  object space 124928K, 15% used [0x00000000a0000000,0x00000000a133c998,0x00000000a7a00000)
 Metaspace       used 56090K, capacity 57838K, committed 58112K, reserved 1099776K
  class space    used 7690K, capacity 8119K, committed 8192K, reserved 1048576K
GC Heap History (10 events):
Event: 6.624 GC heap before
{Heap before GC invocations=6 (full 1):
 PSYoungGen      total 75776K, used 65024K [0x00000000e0000000, 0x00000000e9400000, 0x0000000100000000)
  eden space 65024K, 100% used [0x00000000e0000000,0x00000000e3f80000,0x00000000e3f80000)
  from space 10752K, 0% used [0x00000000e4a00000,0x00000000e4a00000,0x00000000e5480000)
  to   space 10752K, 0% used [0x00000000e3f80000,0x00000000e3f80000,0x00000000e4a00000)
 ParOldGen       total 82432K, used 7798K [0x00000000a0000000, 0x00000000a5080000, 0x00000000e0000000)
  object space 82432K, 9% used [0x00000000a0000000,0x00000000a079dba0,0x00000000a5080000)
 Metaspace       used 29087K, capacity 29596K, committed 29824K, reserved 1075200K
  class space    used 3912K, capacity 4099K, committed 4224K, reserved 1048576K
Event: 6.630 GC heap after
Heap after GC invocations=6 (full 1):
 PSYoungGen      total 75776K, used 8131K [0x00000000e0000000, 0x00000000e8f00000, 0x0000000100000000)
  eden space 65024K, 0% used [0x00000000e0000000,0x00000000e0000000,0x00000000e3f80000)
  from space 10752K, 75% used [0x00000000e3f80000,0x00000000e4770f30,0x00000000e4a00000)
  to   space 12800K, 0% used [0x00000000e8280000,0x00000000e8280000,0x00000000e8f00000)
 ParOldGen       total 82432K, used 7806K [0x00000000a0000000, 0x00000000a5080000, 0x00000000e0000000)
  object space 82432K, 9% used [0x00000000a0000000,0x00000000a079fba0,0x00000000a5080000)
 Metaspace       used 29087K, capacity 29596K, committed 29824K, reserved 1075200K
  class space    used 3912K, capacity 4099K, committed 4224K, reserved 1048576K
}
Event: 7.106 GC heap before
{Heap before GC invocations=7 (full 1):
 PSYoungGen      total 75776K, used 73155K [0x00000000e0000000, 0x00000000e8f00000, 0x0000000100000000)
  eden space 65024K, 100% used [0x00000000e0000000,0x00000000e3f80000,0x00000000e3f80000)
  from space 10752K, 75% used [0x00000000e3f80000,0x00000000e4770f30,0x00000000e4a00000)
  to   space 12800K, 0% used [0x00000000e8280000,0x00000000e8280000,0x00000000e8f00000)
 ParOldGen       total 82432K, used 7806K [0x00000000a0000000, 0x00000000a5080000, 0x00000000e0000000)
  object space 82432K, 9% used [0x00000000a0000000,0x00000000a079fba0,0x00000000a5080000)
 Metaspace       used 31999K, capacity 32608K, committed 32768K, reserved 1077248K
  class space    used 4379K, capacity 4591K, committed 4608K, reserved 1048576K
Event: 7.116 GC heap after
Heap after GC invocations=7 (full 1):
 PSYoungGen      total 131584K, used 8829K [0x00000000e0000000, 0x00000000e8d80000, 0x0000000100000000)
  eden space 120320K, 0% used [0x00000000e0000000,0x00000000e0000000,0x00000000e7580000)
  from space 11264K, 78% used [0x00000000e8280000,0x00000000e8b1f4f8,0x00000000e8d80000)
  to   space 12288K, 0% used [0x00000000e7580000,0x00000000e7580000,0x00000000e8180000)
 ParOldGen       total 82432K, used 7814K [0x00000000a0000000, 0x00000000a5080000, 0x00000000e0000000)
  object space 82432K, 9% used [0x00000000a0000000,0x00000000a07a1ba0,0x00000000a5080000)
 Metaspace       used 31999K, capacity 32608K, committed 32768K, reserved 1077248K
  class space    used 4379K, capacity 4591K, committed 4608K, reserved 1048576K
}
Event: 7.674 GC heap before
{Heap before GC invocations=8 (full 1):
 PSYoungGen      total 131584K, used 64302K [0x00000000e0000000, 0x00000000e8d80000, 0x0000000100000000)
  eden space 120320K, 46% used [0x00000000e0000000,0x00000000e362c568,0x00000000e7580000)
  from space 11264K, 78% used [0x00000000e8280000,0x00000000e8b1f4f8,0x00000000e8d80000)
  to   space 12288K, 0% used [0x00000000e7580000,0x00000000e7580000,0x00000000e8180000)
 ParOldGen       total 82432K, used 7814K [0x00000000a0000000, 0x00000000a5080000, 0x00000000e0000000)
  object space 82432K, 9% used [0x00000000a0000000,0x00000000a07a1ba0,0x00000000a5080000)
 Metaspace       used 34493K, capacity 35372K, committed 35456K, reserved 1079296K
  class space    used 4721K, capacity 4931K, committed 4992K, reserved 1048576K
Event: 7.682 GC heap after
Heap after GC invocations=8 (full 1):
 PSYoungGen      total 132608K, used 10559K [0x00000000e0000000, 0x00000000ef000000, 0x0000000100000000)
  eden space 120320K, 0% used [0x00000000e0000000,0x00000000e0000000,0x00000000e7580000)
  from space 12288K, 85% used [0x00000000e7580000,0x00000000e7fcfd28,0x00000000e8180000)
  to   space 12800K, 0% used [0x00000000ee380000,0x00000000ee380000,0x00000000ef000000)
 ParOldGen       total 82432K, used 7822K [0x00000000a0000000, 0x00000000a5080000, 0x00000000e0000000)
  object space 82432K, 9% used [0x00000000a0000000,0x00000000a07a3ba0,0x00000000a5080000)
 Metaspace       used 34493K, capacity 35372K, committed 35456K, reserved 1079296K
  class space    used 4721K, capacity 4931K, committed 4992K, reserved 1048576K
}
Event: 7.682 GC heap before
{Heap before GC invocations=9 (full 2):
 PSYoungGen      total 132608K, used 10559K [0x00000000e0000000, 0x00000000ef000000, 0x0000000100000000)
  eden space 120320K, 0% used [0x00000000e0000000,0x00000000e0000000,0x00000000e7580000)
  from space 12288K, 85% used [0x00000000e7580000,0x00000000e7fcfd28,0x00000000e8180000)
  to   space 12800K, 0% used [0x00000000ee380000,0x00000000ee380000,0x00000000ef000000)
 ParOldGen       total 82432K, used 7822K [0x00000000a0000000, 0x00000000a5080000, 0x00000000e0000000)
  object space 82432K, 9% used [0x00000000a0000000,0x00000000a07a3ba0,0x00000000a5080000)
 Metaspace       used 34493K, capacity 35372K, committed 35456K, reserved 1079296K
  class space    used 4721K, capacity 4931K, committed 4992K, reserved 1048576K
Event: 7.750 GC heap after
Heap after GC invocations=9 (full 2):
 PSYoungGen      total 132608K, used 0K [0x00000000e0000000, 0x00000000ef000000, 0x0000000100000000)
  eden space 120320K, 0% used [0x00000000e0000000,0x00000000e0000000,0x00000000e7580000)
  from space 12288K, 0% used [0x00000000e7580000,0x00000000e7580000,0x00000000e8180000)
  to   space 12800K, 0% used [0x00000000ee380000,0x00000000ee380000,0x00000000ef000000)
 ParOldGen       total 124928K, used 17572K [0x00000000a0000000, 0x00000000a7a00000, 0x00000000e0000000)
  object space 124928K, 14% used [0x00000000a0000000,0x00000000a11292d0,0x00000000a7a00000)
 Metaspace       used 34468K, capacity 35288K, committed 35456K, reserved 1079296K
  class space    used 4714K, capacity 4917K, committed 4992K, reserved 1048576K
}
Event: 8.998 GC heap before
{Heap before GC invocations=10 (full 2):
 PSYoungGen      total 132608K, used 120320K [0x00000000e0000000, 0x00000000ef000000, 0x0000000100000000)
  eden space 120320K, 100% used [0x00000000e0000000,0x00000000e7580000,0x00000000e7580000)
  from space 12288K, 0% used [0x00000000e7580000,0x00000000e7580000,0x00000000e8180000)
  to   space 12800K, 0% used [0x00000000ee380000,0x00000000ee380000,0x00000000ef000000)
 ParOldGen       total 124928K, used 17572K [0x00000000a0000000, 0x00000000a7a00000, 0x00000000e0000000)
  object space 124928K, 14% used [0x00000000a0000000,0x00000000a11292d0,0x00000000a7a00000)
 Metaspace       used 45541K, capacity 46724K, committed 46848K, reserved 1089536K
  class space    used 6096K, capacity 6388K, committed 6400K, reserved 1048576K
Event: 9.010 GC heap after
Heap after GC invocations=10 (full 2):
 PSYoungGen      total 193536K, used 12781K [0x00000000e0000000, 0x00000000ef000000, 0x0000000100000000)
  eden space 180736K, 0% used [0x00000000e0000000,0x00000000e0000000,0x00000000eb080000)
  from space 12800K, 99% used [0x00000000ee380000,0x00000000eeffb768,0x00000000ef000000)
  to   space 14848K, 0% used [0x00000000ed300000,0x00000000ed300000,0x00000000ee180000)
 ParOldGen       total 124928K, used 19698K [0x00000000a0000000, 0x00000000a7a00000, 0x00000000e0000000)
  object space 124928K, 15% used [0x00000000a0000000,0x00000000a133c998,0x00000000a7a00000)
 Metaspace       used 45541K, capacity 46724K, committed 46848K, reserved 1089536K
  class space    used 6096K, capacity 6388K, committed 6400K, reserved 1048576K
}

