# JRE version: OpenJDK Runtime Environment (8.0_212-b04) (build 1.8.0_212-release-1586-b04)
# Java VM: OpenJDK 64-Bit Server VM (25.212-b04 mixed mode windows-amd64 compressed oops)
Heap:
 PSYoungGen      total 75776K, used 37101K [0x000000076b800000, 0x0000000772800000, 0x00000007c0000000)
  eden space 65024K, 40% used [0x000000076b800000,0x000000076d1bc938,0x000000076f780000)
  from space 10752K, 99% used [0x000000076f780000,0x00000007701fee90,0x0000000770200000)
  to   space 10752K, 0% used [0x0000000771d80000,0x0000000771d80000,0x0000000772800000)
 ParOldGen       total 114176K, used 14806K [0x00000006c2800000, 0x00000006c9780000, 0x000000076b800000)
  object space 114176K, 12% used [0x00000006c2800000,0x00000006c3675980,0x00000006c9780000)
 Metaspace       used 34451K, capacity 34963K, committed 35248K, reserved 1079296K
  class space    used 4386K, capacity 4515K, committed 4528K, reserved 1048576K
GC Heap History (8 events):
Event: 1.566 GC heap before
{Heap before GC invocations=1 (full 0):
 PSYoungGen      total 75776K, used 65024K [0x000000076b800000, 0x0000000770c80000, 0x00000007c0000000)
  eden space 65024K, 100% used [0x000000076b800000,0x000000076f780000,0x000000076f780000)
  from space 10752K, 0% used [0x0000000770200000,0x0000000770200000,0x0000000770c80000)
  to   space 10752K, 0% used [0x000000076f780000,0x000000076f780000,0x0000000770200000)
 ParOldGen       total 173568K, used 0K [0x00000006c2800000, 0x00000006cd180000, 0x000000076b800000)
  object space 173568K, 0% used [0x00000006c2800000,0x00000006c2800000,0x00000006cd180000)
 Metaspace       used 15666K, capacity 16002K, committed 16256K, reserved 1062912K
  class space    used 1828K, capacity 1911K, committed 1920K, reserved 1048576K
Event: 1.582 GC heap after
Heap after GC invocations=1 (full 0):
 PSYoungGen      total 75776K, used 10738K [0x000000076b800000, 0x0000000770c80000, 0x00000007c0000000)
  eden space 65024K, 0% used [0x000000076b800000,0x000000076b800000,0x000000076f780000)
  from space 10752K, 99% used [0x000000076f780000,0x00000007701fcb48,0x0000000770200000)
  to   space 10752K, 0% used [0x0000000770200000,0x0000000770200000,0x0000000770c80000)
 ParOldGen       total 173568K, used 4885K [0x00000006c2800000, 0x00000006cd180000, 0x000000076b800000)
  object space 173568K, 2% used [0x00000006c2800000,0x00000006c2cc54b8,0x00000006cd180000)
 Metaspace       used 15666K, capacity 16002K, committed 16256K, reserved 1062912K
  class space    used 1828K, capacity 1911K, committed 1920K, reserved 1048576K
}
Event: 1.935 GC heap before
{Heap before GC invocations=2 (full 0):
 PSYoungGen      total 75776K, used 29581K [0x000000076b800000, 0x0000000770c80000, 0x00000007c0000000)
  eden space 65024K, 28% used [0x000000076b800000,0x000000076ca66b20,0x000000076f780000)
  from space 10752K, 99% used [0x000000076f780000,0x00000007701fcb48,0x0000000770200000)
  to   space 10752K, 0% used [0x0000000770200000,0x0000000770200000,0x0000000770c80000)
 ParOldGen       total 173568K, used 4885K [0x00000006c2800000, 0x00000006cd180000, 0x000000076b800000)
  object space 173568K, 2% used [0x00000006c2800000,0x00000006c2cc54b8,0x00000006cd180000)
 Metaspace       used 20669K, capacity 21034K, committed 21296K, reserved 1069056K
  class space    used 2449K, capacity 2589K, committed 2608K, reserved 1048576K
Event: 1.945 GC heap after
Heap after GC invocations=2 (full 0):
 PSYoungGen      total 75776K, used 9674K [0x000000076b800000, 0x0000000770c80000, 0x00000007c0000000)
  eden space 65024K, 0% used [0x000000076b800000,0x000000076b800000,0x000000076f780000)
  from space 10752K, 89% used [0x0000000770200000,0x0000000770b72ab0,0x0000000770c80000)
  to   space 10752K, 0% used [0x000000076f780000,0x000000076f780000,0x0000000770200000)
 ParOldGen       total 173568K, used 4965K [0x00000006c2800000, 0x00000006cd180000, 0x000000076b800000)
  object space 173568K, 2% used [0x00000006c2800000,0x00000006c2cd94c8,0x00000006cd180000)
 Metaspace       used 20669K, capacity 21034K, committed 21296K, reserved 1069056K
  class space    used 2449K, capacity 2589K, committed 2608K, reserved 1048576K
}
Event: 1.945 GC heap before
{Heap before GC invocations=3 (full 1):
 PSYoungGen      total 75776K, used 9674K [0x000000076b800000, 0x0000000770c80000, 0x00000007c0000000)
  eden space 65024K, 0% used [0x000000076b800000,0x000000076b800000,0x000000076f780000)
  from space 10752K, 89% used [0x0000000770200000,0x0000000770b72ab0,0x0000000770c80000)
  to   space 10752K, 0% used [0x000000076f780000,0x000000076f780000,0x0000000770200000)
 ParOldGen       total 173568K, used 4965K [0x00000006c2800000, 0x00000006cd180000, 0x000000076b800000)
  object space 173568K, 2% used [0x00000006c2800000,0x00000006c2cd94c8,0x00000006cd180000)
 Metaspace       used 20669K, capacity 21034K, committed 21296K, reserved 1069056K
  class space    used 2449K, capacity 2589K, committed 2608K, reserved 1048576K
Event: 1.983 GC heap after
Heap after GC invocations=3 (full 1):
 PSYoungGen      total 75776K, used 0K [0x000000076b800000, 0x0000000770c80000, 0x00000007c0000000)
  eden space 65024K, 0% used [0x000000076b800000,0x000000076b800000,0x000000076f780000)
  from space 10752K, 0% used [0x0000000770200000,0x0000000770200000,0x0000000770c80000)
  to   space 10752K, 0% used [0x000000076f780000,0x000000076f780000,0x0000000770200000)
 ParOldGen       total 114176K, used 9329K [0x00000006c2800000, 0x00000006c9780000, 0x000000076b800000)
  object space 114176K, 8% used [0x00000006c2800000,0x00000006c311c410,0x00000006c9780000)
 Metaspace       used 20669K, capacity 21034K, committed 21296K, reserved 1069056K
  class space    used 2449K, capacity 2589K, committed 2608K, reserved 1048576K
}
Event: 4.368 GC heap before
{Heap before GC invocations=4 (full 1):
 PSYoungGen      total 75776K, used 65024K [0x000000076b800000, 0x0000000770c80000, 0x00000007c0000000)
  eden space 65024K, 100% used [0x000000076b800000,0x000000076f780000,0x000000076f780000)
  from space 10752K, 0% used [0x0000000770200000,0x0000000770200000,0x0000000770c80000)
  to   space 10752K, 0% used [0x000000076f780000,0x000000076f780000,0x0000000770200000)
 ParOldGen       total 114176K, used 9329K [0x00000006c2800000, 0x00000006c9780000, 0x000000076b800000)
  object space 114176K, 8% used [0x00000006c2800000,0x00000006c311c410,0x00000006c9780000)
 Metaspace       used 29406K, capacity 29955K, committed 30128K, reserved 1075200K
  class space    used 3567K, capacity 3732K, committed 3760K, reserved 1048576K
Event: 4.382 GC heap after
Heap after GC invocations=4 (full 1):
 PSYoungGen      total 75776K, used 10747K [0x000000076b800000, 0x0000000772800000, 0x00000007c0000000)
  eden space 65024K, 0% used [0x000000076b800000,0x000000076b800000,0x000000076f780000)
  from space 10752K, 99% used [0x000000076f780000,0x00000007701fee90,0x0000000770200000)
  to   space 10752K, 0% used [0x0000000771d80000,0x0000000771d80000,0x0000000772800000)
 ParOldGen       total 114176K, used 14806K [0x00000006c2800000, 0x00000006c9780000, 0x000000076b800000)
  object space 114176K, 12% used [0x00000006c2800000,0x00000006c3675980,0x00000006c9780000)
 Metaspace       used 29406K, capacity 29955K, committed 30128K, reserved 1075200K
  class space    used 3567K, capacity 3732K, committed 3760K, reserved 1048576K
}

