# JRE version: OpenJDK Runtime Environment (8.0_212-b04) (build 1.8.0_212-release-1586-b04)
# Java VM: OpenJDK 64-Bit Server VM (25.212-b04 mixed mode windows-amd64 compressed oops)
Heap:
 PSYoungGen      total 418304K, used 96042K [0x00000000e0000000, 0x00000000fe200000, 0x0000000100000000)
  eden space 347136K, 15% used [0x00000000e0000000,0x00000000e33a51d8,0x00000000f5300000)
  from space 71168K, 60% used [0x00000000f9800000,0x00000000fc225658,0x00000000fdd80000)
  to   space 70656K, 0% used [0x00000000f5300000,0x00000000f5300000,0x00000000f9800000)
 ParOldGen       total 353280K, used 94071K [0x00000000a0000000, 0x00000000b5900000, 0x00000000e0000000)
  object space 353280K, 26% used [0x00000000a0000000,0x00000000a5bddf98,0x00000000b5900000)
 Metaspace       used 98721K, capacity 104340K, committed 104576K, reserved 1140736K
  class space    used 12818K, capacity 13852K, committed 13952K, reserved 1048576K
GC Heap History (10 events):
Event: 395.522 GC heap before
{Heap before GC invocations=24 (full 4):
 PSYoungGen      total 326144K, used 266240K [0x00000000e0000000, 0x00000000fa380000, 0x0000000100000000)
  eden space 266240K, 100% used [0x00000000e0000000,0x00000000f0400000,0x00000000f0400000)
  from space 59904K, 0% used [0x00000000f0400000,0x00000000f0400000,0x00000000f3e80000)
  to   space 65024K, 0% used [0x00000000f6400000,0x00000000f6400000,0x00000000fa380000)
 ParOldGen       total 353280K, used 86794K [0x00000000a0000000, 0x00000000b5900000, 0x00000000e0000000)
  object space 353280K, 24% used [0x00000000a0000000,0x00000000a54c2b80,0x00000000b5900000)
 Metaspace       used 96103K, capacity 100598K, committed 100992K, reserved 1136640K
  class space    used 12571K, capacity 13409K, committed 13440K, reserved 1048576K
Event: 395.576 GC heap after
Heap after GC invocations=24 (full 4):
 PSYoungGen      total 351744K, used 64994K [0x00000000e0000000, 0x00000000fc480000, 0x0000000100000000)
  eden space 286720K, 0% used [0x00000000e0000000,0x00000000e0000000,0x00000000f1800000)
  from space 65024K, 99% used [0x00000000f6400000,0x00000000fa3789c0,0x00000000fa380000)
  to   space 77824K, 0% used [0x00000000f1800000,0x00000000f1800000,0x00000000f6400000)
 ParOldGen       total 353280K, used 94039K [0x00000000a0000000, 0x00000000b5900000, 0x00000000e0000000)
  object space 353280K, 26% used [0x00000000a0000000,0x00000000a5bd5f98,0x00000000b5900000)
 Metaspace       used 96103K, capacity 100598K, committed 100992K, reserved 1136640K
  class space    used 12571K, capacity 13409K, committed 13440K, reserved 1048576K
}
Event: 406.388 GC heap before
{Heap before GC invocations=25 (full 4):
 PSYoungGen      total 351744K, used 351714K [0x00000000e0000000, 0x00000000fc480000, 0x0000000100000000)
  eden space 286720K, 100% used [0x00000000e0000000,0x00000000f1800000,0x00000000f1800000)
  from space 65024K, 99% used [0x00000000f6400000,0x00000000fa3789c0,0x00000000fa380000)
  to   space 77824K, 0% used [0x00000000f1800000,0x00000000f1800000,0x00000000f6400000)
 ParOldGen       total 353280K, used 94039K [0x00000000a0000000, 0x00000000b5900000, 0x00000000e0000000)
  object space 353280K, 26% used [0x00000000a0000000,0x00000000a5bd5f98,0x00000000b5900000)
 Metaspace       used 96457K, capacity 101060K, committed 101376K, reserved 1136640K
  class space    used 12605K, capacity 13464K, committed 13568K, reserved 1048576K
Event: 406.422 GC heap after
Heap after GC invocations=25 (full 4):
 PSYoungGen      total 364544K, used 31006K [0x00000000e0000000, 0x00000000fcd80000, 0x0000000100000000)
  eden space 286720K, 0% used [0x00000000e0000000,0x00000000e0000000,0x00000000f1800000)
  from space 77824K, 39% used [0x00000000f1800000,0x00000000f3647bd0,0x00000000f6400000)
  to   space 73728K, 0% used [0x00000000f8580000,0x00000000f8580000,0x00000000fcd80000)
 ParOldGen       total 353280K, used 94047K [0x00000000a0000000, 0x00000000b5900000, 0x00000000e0000000)
  object space 353280K, 26% used [0x00000000a0000000,0x00000000a5bd7f98,0x00000000b5900000)
 Metaspace       used 96457K, capacity 101060K, committed 101376K, reserved 1136640K
  class space    used 12605K, capacity 13464K, committed 13568K, reserved 1048576K
}
Event: 573.436 GC heap before
{Heap before GC invocations=26 (full 4):
 PSYoungGen      total 364544K, used 317726K [0x00000000e0000000, 0x00000000fcd80000, 0x0000000100000000)
  eden space 286720K, 100% used [0x00000000e0000000,0x00000000f1800000,0x00000000f1800000)
  from space 77824K, 39% used [0x00000000f1800000,0x00000000f3647bd0,0x00000000f6400000)
  to   space 73728K, 0% used [0x00000000f8580000,0x00000000f8580000,0x00000000fcd80000)
 ParOldGen       total 353280K, used 94047K [0x00000000a0000000, 0x00000000b5900000, 0x00000000e0000000)
  object space 353280K, 26% used [0x00000000a0000000,0x00000000a5bd7f98,0x00000000b5900000)
 Metaspace       used 97408K, capacity 102360K, committed 102528K, reserved 1138688K
  class space    used 12691K, capacity 13640K, committed 13696K, reserved 1048576K
Event: 573.481 GC heap after
Heap after GC invocations=26 (full 4):
 PSYoungGen      total 383488K, used 42034K [0x00000000e0000000, 0x00000000fc500000, 0x0000000100000000)
  eden space 318464K, 0% used [0x00000000e0000000,0x00000000e0000000,0x00000000f3700000)
  from space 65024K, 64% used [0x00000000f8580000,0x00000000fae8c988,0x00000000fc500000)
  to   space 72704K, 0% used [0x00000000f3700000,0x00000000f3700000,0x00000000f7e00000)
 ParOldGen       total 353280K, used 94055K [0x00000000a0000000, 0x00000000b5900000, 0x00000000e0000000)
  object space 353280K, 26% used [0x00000000a0000000,0x00000000a5bd9f98,0x00000000b5900000)
 Metaspace       used 97408K, capacity 102360K, committed 102528K, reserved 1138688K
  class space    used 12691K, capacity 13640K, committed 13696K, reserved 1048576K
}
Event: 758.218 GC heap before
{Heap before GC invocations=27 (full 4):
 PSYoungGen      total 383488K, used 360498K [0x00000000e0000000, 0x00000000fc500000, 0x0000000100000000)
  eden space 318464K, 100% used [0x00000000e0000000,0x00000000f3700000,0x00000000f3700000)
  from space 65024K, 64% used [0x00000000f8580000,0x00000000fae8c988,0x00000000fc500000)
  to   space 72704K, 0% used [0x00000000f3700000,0x00000000f3700000,0x00000000f7e00000)
 ParOldGen       total 353280K, used 94055K [0x00000000a0000000, 0x00000000b5900000, 0x00000000e0000000)
  object space 353280K, 26% used [0x00000000a0000000,0x00000000a5bd9f98,0x00000000b5900000)
 Metaspace       used 98182K, capacity 103752K, committed 103936K, reserved 1138688K
  class space    used 12791K, capacity 13820K, committed 13824K, reserved 1048576K
Event: 758.250 GC heap after
Heap after GC invocations=27 (full 4):
 PSYoungGen      total 391168K, used 39797K [0x00000000e0000000, 0x00000000fdd80000, 0x0000000100000000)
  eden space 318464K, 0% used [0x00000000e0000000,0x00000000e0000000,0x00000000f3700000)
  from space 72704K, 54% used [0x00000000f3700000,0x00000000f5ddd458,0x00000000f7e00000)
  to   space 71168K, 0% used [0x00000000f9800000,0x00000000f9800000,0x00000000fdd80000)
 ParOldGen       total 353280K, used 94063K [0x00000000a0000000, 0x00000000b5900000, 0x00000000e0000000)
  object space 353280K, 26% used [0x00000000a0000000,0x00000000a5bdbf98,0x00000000b5900000)
 Metaspace       used 98182K, capacity 103752K, committed 103936K, reserved 1138688K
  class space    used 12791K, capacity 13820K, committed 13824K, reserved 1048576K
}
Event: 760.088 GC heap before
{Heap before GC invocations=28 (full 4):
 PSYoungGen      total 391168K, used 358261K [0x00000000e0000000, 0x00000000fdd80000, 0x0000000100000000)
  eden space 318464K, 100% used [0x00000000e0000000,0x00000000f3700000,0x00000000f3700000)
  from space 72704K, 54% used [0x00000000f3700000,0x00000000f5ddd458,0x00000000f7e00000)
  to   space 71168K, 0% used [0x00000000f9800000,0x00000000f9800000,0x00000000fdd80000)
 ParOldGen       total 353280K, used 94063K [0x00000000a0000000, 0x00000000b5900000, 0x00000000e0000000)
  object space 353280K, 26% used [0x00000000a0000000,0x00000000a5bdbf98,0x00000000b5900000)
 Metaspace       used 98706K, capacity 104336K, committed 104576K, reserved 1140736K
  class space    used 12818K, capacity 13852K, committed 13952K, reserved 1048576K
Event: 760.128 GC heap after
Heap after GC invocations=28 (full 4):
 PSYoungGen      total 418304K, used 43157K [0x00000000e0000000, 0x00000000fe200000, 0x0000000100000000)
  eden space 347136K, 0% used [0x00000000e0000000,0x00000000e0000000,0x00000000f5300000)
  from space 71168K, 60% used [0x00000000f9800000,0x00000000fc225658,0x00000000fdd80000)
  to   space 70656K, 0% used [0x00000000f5300000,0x00000000f5300000,0x00000000f9800000)
 ParOldGen       total 353280K, used 94071K [0x00000000a0000000, 0x00000000b5900000, 0x00000000e0000000)
  object space 353280K, 26% used [0x00000000a0000000,0x00000000a5bddf98,0x00000000b5900000)
 Metaspace       used 98706K, capacity 104336K, committed 104576K, reserved 1140736K
  class space    used 12818K, capacity 13852K, committed 13952K, reserved 1048576K
}

