# JRE version: OpenJDK Runtime Environment (8.0_212-b04) (build 1.8.0_212-release-1586-b04)
# Java VM: OpenJDK 64-Bit Server VM (25.212-b04 mixed mode windows-amd64 compressed oops)
Heap:
 PSYoungGen      total 250880K, used 117650K [0x00000000e0000000, 0x00000000f1680000, 0x0000000100000000)
  eden space 230912K, 42% used [0x00000000e0000000,0x00000000e60af630,0x00000000ee180000)
  from space 19968K, 93% used [0x00000000ef700000,0x00000000f0935408,0x00000000f0a80000)
  to   space 22016K, 0% used [0x00000000ee180000,0x00000000ee180000,0x00000000ef700000)
 ParOldGen       total 199168K, used 38626K [0x00000000a0000000, 0x00000000ac280000, 0x00000000e0000000)
  object space 199168K, 19% used [0x00000000a0000000,0x00000000a25b8b80,0x00000000ac280000)
 Metaspace       used 65825K, capacity 68522K, committed 68736K, reserved 1107968K
  class space    used 8996K, capacity 9575K, committed 9600K, reserved 1048576K
GC Heap History (10 events):
Event: 7.312 GC heap before
{Heap before GC invocations=9 (full 2):
 PSYoungGen      total 130560K, used 10668K [0x00000000e0000000, 0x00000000ee900000, 0x0000000100000000)
  eden space 118272K, 0% used [0x00000000e0000000,0x00000000e0000000,0x00000000e7380000)
  from space 12288K, 86% used [0x00000000e7380000,0x00000000e7deb190,0x00000000e7f80000)
  to   space 12800K, 0% used [0x00000000edc80000,0x00000000edc80000,0x00000000ee900000)
 ParOldGen       total 84480K, used 7809K [0x00000000a0000000, 0x00000000a5280000, 0x00000000e0000000)
  object space 84480K, 9% used [0x00000000a0000000,0x00000000a07a07e0,0x00000000a5280000)
 Metaspace       used 34561K, capacity 35360K, committed 35456K, reserved 1079296K
  class space    used 4728K, capacity 4933K, committed 4992K, reserved 1048576K
Event: 7.366 GC heap after
Heap after GC invocations=9 (full 2):
 PSYoungGen      total 130560K, used 0K [0x00000000e0000000, 0x00000000ee900000, 0x0000000100000000)
  eden space 118272K, 0% used [0x00000000e0000000,0x00000000e0000000,0x00000000e7380000)
  from space 12288K, 0% used [0x00000000e7380000,0x00000000e7380000,0x00000000e7f80000)
  to   space 12800K, 0% used [0x00000000edc80000,0x00000000edc80000,0x00000000ee900000)
 ParOldGen       total 128000K, used 17726K [0x00000000a0000000, 0x00000000a7d00000, 0x00000000e0000000)
  object space 128000K, 13% used [0x00000000a0000000,0x00000000a114f9f0,0x00000000a7d00000)
 Metaspace       used 34547K, capacity 35312K, committed 35456K, reserved 1079296K
  class space    used 4724K, capacity 4925K, committed 4992K, reserved 1048576K
}
Event: 8.543 GC heap before
{Heap before GC invocations=10 (full 2):
 PSYoungGen      total 130560K, used 118272K [0x00000000e0000000, 0x00000000ee900000, 0x0000000100000000)
  eden space 118272K, 100% used [0x00000000e0000000,0x00000000e7380000,0x00000000e7380000)
  from space 12288K, 0% used [0x00000000e7380000,0x00000000e7380000,0x00000000e7f80000)
  to   space 12800K, 0% used [0x00000000edc80000,0x00000000edc80000,0x00000000ee900000)
 ParOldGen       total 128000K, used 17726K [0x00000000a0000000, 0x00000000a7d00000, 0x00000000e0000000)
  object space 128000K, 13% used [0x00000000a0000000,0x00000000a114f9f0,0x00000000a7d00000)
 Metaspace       used 45537K, capacity 46718K, committed 46848K, reserved 1089536K
  class space    used 6090K, capacity 6387K, committed 6400K, reserved 1048576K
Event: 8.553 GC heap after
Heap after GC invocations=10 (full 2):
 PSYoungGen      total 192000K, used 12795K [0x00000000e0000000, 0x00000000ee900000, 0x0000000100000000)
  eden space 179200K, 0% used [0x00000000e0000000,0x00000000e0000000,0x00000000eaf00000)
  from space 12800K, 99% used [0x00000000edc80000,0x00000000ee8fec40,0x00000000ee900000)
  to   space 14848K, 0% used [0x00000000ecc00000,0x00000000ecc00000,0x00000000eda80000)
 ParOldGen       total 128000K, used 19663K [0x00000000a0000000, 0x00000000a7d00000, 0x00000000e0000000)
  object space 128000K, 15% used [0x00000000a0000000,0x00000000a1333e18,0x00000000a7d00000)
 Metaspace       used 45537K, capacity 46718K, committed 46848K, reserved 1089536K
  class space    used 6090K, capacity 6387K, committed 6400K, reserved 1048576K
}
Event: 10.187 GC heap before
{Heap before GC invocations=11 (full 2):
 PSYoungGen      total 192000K, used 177926K [0x00000000e0000000, 0x00000000ee900000, 0x0000000100000000)
  eden space 179200K, 92% used [0x00000000e0000000,0x00000000ea142de0,0x00000000eaf00000)
  from space 12800K, 99% used [0x00000000edc80000,0x00000000ee8fec40,0x00000000ee900000)
  to   space 14848K, 0% used [0x00000000ecc00000,0x00000000ecc00000,0x00000000eda80000)
 ParOldGen       total 128000K, used 19663K [0x00000000a0000000, 0x00000000a7d00000, 0x00000000e0000000)
  object space 128000K, 15% used [0x00000000a0000000,0x00000000a1333e18,0x00000000a7d00000)
 Metaspace       used 57274K, capacity 59028K, committed 59096K, reserved 1099776K
  class space    used 7843K, capacity 8264K, committed 8320K, reserved 1048576K
Event: 10.209 GC heap after
Heap after GC invocations=11 (full 2):
 PSYoungGen      total 223744K, used 14845K [0x00000000e0000000, 0x00000000f0a80000, 0x0000000100000000)
  eden space 208896K, 0% used [0x00000000e0000000,0x00000000e0000000,0x00000000ecc00000)
  from space 14848K, 99% used [0x00000000ecc00000,0x00000000eda7f7b0,0x00000000eda80000)
  to   space 19968K, 0% used [0x00000000ef700000,0x00000000ef700000,0x00000000f0a80000)
 ParOldGen       total 128000K, used 28702K [0x00000000a0000000, 0x00000000a7d00000, 0x00000000e0000000)
  object space 128000K, 22% used [0x00000000a0000000,0x00000000a1c07978,0x00000000a7d00000)
 Metaspace       used 57274K, capacity 59028K, committed 59096K, reserved 1099776K
  class space    used 7843K, capacity 8264K, committed 8320K, reserved 1048576K
}
Event: 10.209 GC heap before
{Heap before GC invocations=12 (full 3):
 PSYoungGen      total 223744K, used 14845K [0x00000000e0000000, 0x00000000f0a80000, 0x0000000100000000)
  eden space 208896K, 0% used [0x00000000e0000000,0x00000000e0000000,0x00000000ecc00000)
  from space 14848K, 99% used [0x00000000ecc00000,0x00000000eda7f7b0,0x00000000eda80000)
  to   space 19968K, 0% used [0x00000000ef700000,0x00000000ef700000,0x00000000f0a80000)
 ParOldGen       total 128000K, used 28702K [0x00000000a0000000, 0x00000000a7d00000, 0x00000000e0000000)
  object space 128000K, 22% used [0x00000000a0000000,0x00000000a1c07978,0x00000000a7d00000)
 Metaspace       used 57274K, capacity 59028K, committed 59096K, reserved 1099776K
  class space    used 7843K, capacity 8264K, committed 8320K, reserved 1048576K
Event: 10.483 GC heap after
Heap after GC invocations=12 (full 3):
 PSYoungGen      total 223744K, used 0K [0x00000000e0000000, 0x00000000f0a80000, 0x0000000100000000)
  eden space 208896K, 0% used [0x00000000e0000000,0x00000000e0000000,0x00000000ecc00000)
  from space 14848K, 0% used [0x00000000ecc00000,0x00000000ecc00000,0x00000000eda80000)
  to   space 19968K, 0% used [0x00000000ef700000,0x00000000ef700000,0x00000000f0a80000)
 ParOldGen       total 199168K, used 38618K [0x00000000a0000000, 0x00000000ac280000, 0x00000000e0000000)
  object space 199168K, 19% used [0x00000000a0000000,0x00000000a25b6b80,0x00000000ac280000)
 Metaspace       used 57274K, capacity 59028K, committed 59096K, reserved 1099776K
  class space    used 7843K, capacity 8264K, committed 8320K, reserved 1048576K
}
Event: 12.771 GC heap before
{Heap before GC invocations=13 (full 3):
 PSYoungGen      total 223744K, used 208896K [0x00000000e0000000, 0x00000000f0a80000, 0x0000000100000000)
  eden space 208896K, 100% used [0x00000000e0000000,0x00000000ecc00000,0x00000000ecc00000)
  from space 14848K, 0% used [0x00000000ecc00000,0x00000000ecc00000,0x00000000eda80000)
  to   space 19968K, 0% used [0x00000000ef700000,0x00000000ef700000,0x00000000f0a80000)
 ParOldGen       total 199168K, used 38618K [0x00000000a0000000, 0x00000000ac280000, 0x00000000e0000000)
  object space 199168K, 19% used [0x00000000a0000000,0x00000000a25b6b80,0x00000000ac280000)
 Metaspace       used 62071K, capacity 64712K, committed 64896K, reserved 1105920K
  class space    used 8546K, capacity 9076K, committed 9088K, reserved 1048576K
Event: 12.785 GC heap after
Heap after GC invocations=13 (full 3):
 PSYoungGen      total 250880K, used 18645K [0x00000000e0000000, 0x00000000f1680000, 0x0000000100000000)
  eden space 230912K, 0% used [0x00000000e0000000,0x00000000e0000000,0x00000000ee180000)
  from space 19968K, 93% used [0x00000000ef700000,0x00000000f0935408,0x00000000f0a80000)
  to   space 22016K, 0% used [0x00000000ee180000,0x00000000ee180000,0x00000000ef700000)
 ParOldGen       total 199168K, used 38626K [0x00000000a0000000, 0x00000000ac280000, 0x00000000e0000000)
  object space 199168K, 19% used [0x00000000a0000000,0x00000000a25b8b80,0x00000000ac280000)
 Metaspace       used 62071K, capacity 64712K, committed 64896K, reserved 1105920K
  class space    used 8546K, capacity 9076K, committed 9088K, reserved 1048576K
}

