# JRE version: OpenJDK Runtime Environment (8.0_212-b04) (build 1.8.0_212-release-1586-b04)
# Java VM: OpenJDK 64-Bit Server VM (25.212-b04 mixed mode windows-amd64 compressed oops)
Heap:
 PSYoungGen      total 467456K, used 350950K [0x00000000e0000000, 0x0000000100000000, 0x0000000100000000)
  eden space 412672K, 82% used [0x00000000e0000000,0x00000000f4d89f10,0x00000000f9300000)
  from space 54784K, 17% used [0x00000000fc780000,0x00000000fd0af9d8,0x00000000ffd00000)
  to   space 53760K, 0% used [0x00000000f9300000,0x00000000f9300000,0x00000000fc780000)
 ParOldGen       total 467968K, used 205055K [0x00000000a0000000, 0x00000000bc900000, 0x00000000e0000000)
  object space 467968K, 43% used [0x00000000a0000000,0x00000000ac83fca0,0x00000000bc900000)
 Metaspace       used 152223K, capacity 158071K, committed 160256K, reserved 1187840K
  class space    used 19169K, capacity 20306K, committed 20992K, reserved 1048576K
GC Heap History (10 events):
Event: 150.680 GC heap before
{Heap before GC invocations=35 (full 5):
 PSYoungGen      total 466432K, used 12486K [0x00000000e0000000, 0x00000000fff00000, 0x0000000100000000)
  eden space 409088K, 0% used [0x00000000e0000000,0x00000000e0000000,0x00000000f8f80000)
  from space 57344K, 21% used [0x00000000fc700000,0x00000000fd3318b0,0x00000000fff00000)
  to   space 56832K, 0% used [0x00000000f8f80000,0x00000000f8f80000,0x00000000fc700000)
 ParOldGen       total 329728K, used 301935K [0x00000000a0000000, 0x00000000b4200000, 0x00000000e0000000)
  object space 329728K, 91% used [0x00000000a0000000,0x00000000b26dbf70,0x00000000b4200000)
 Metaspace       used 152766K, capacity 159513K, committed 159744K, reserved 1187840K
  class space    used 19500K, capacity 20945K, committed 20992K, reserved 1048576K
Event: 151.104 GC heap after
Heap after GC invocations=35 (full 5):
 PSYoungGen      total 466432K, used 0K [0x00000000e0000000, 0x00000000fff00000, 0x0000000100000000)
  eden space 409088K, 0% used [0x00000000e0000000,0x00000000e0000000,0x00000000f8f80000)
  from space 57344K, 0% used [0x00000000fc700000,0x00000000fc700000,0x00000000fff00000)
  to   space 56832K, 0% used [0x00000000f8f80000,0x00000000f8f80000,0x00000000fc700000)
 ParOldGen       total 467968K, used 180907K [0x00000000a0000000, 0x00000000bc900000, 0x00000000e0000000)
  object space 467968K, 38% used [0x00000000a0000000,0x00000000ab0aad70,0x00000000bc900000)
 Metaspace       used 151733K, capacity 157455K, committed 159744K, reserved 1187840K
  class space    used 19113K, capacity 20244K, committed 20992K, reserved 1048576K
}
Event: 151.658 GC heap before
{Heap before GC invocations=36 (full 5):
 PSYoungGen      total 466432K, used 409088K [0x00000000e0000000, 0x00000000fff00000, 0x0000000100000000)
  eden space 409088K, 100% used [0x00000000e0000000,0x00000000f8f80000,0x00000000f8f80000)
  from space 57344K, 0% used [0x00000000fc700000,0x00000000fc700000,0x00000000fff00000)
  to   space 56832K, 0% used [0x00000000f8f80000,0x00000000f8f80000,0x00000000fc700000)
 ParOldGen       total 467968K, used 180907K [0x00000000a0000000, 0x00000000bc900000, 0x00000000e0000000)
  object space 467968K, 38% used [0x00000000a0000000,0x00000000ab0aad70,0x00000000bc900000)
 Metaspace       used 151740K, capacity 157457K, committed 159744K, reserved 1187840K
  class space    used 19115K, capacity 20245K, committed 20992K, reserved 1048576K
Event: 151.679 GC heap after
Heap after GC invocations=36 (full 5):
 PSYoungGen      total 465920K, used 9448K [0x00000000e0000000, 0x00000000fff80000, 0x0000000100000000)
  eden space 409088K, 0% used [0x00000000e0000000,0x00000000e0000000,0x00000000f8f80000)
  from space 56832K, 16% used [0x00000000f8f80000,0x00000000f98ba230,0x00000000fc700000)
  to   space 56832K, 0% used [0x00000000fc800000,0x00000000fc800000,0x00000000fff80000)
 ParOldGen       total 467968K, used 180907K [0x00000000a0000000, 0x00000000bc900000, 0x00000000e0000000)
  object space 467968K, 38% used [0x00000000a0000000,0x00000000ab0aad70,0x00000000bc900000)
 Metaspace       used 151740K, capacity 157457K, committed 159744K, reserved 1187840K
  class space    used 19115K, capacity 20245K, committed 20992K, reserved 1048576K
}
Event: 152.319 GC heap before
{Heap before GC invocations=37 (full 5):
 PSYoungGen      total 465920K, used 418536K [0x00000000e0000000, 0x00000000fff80000, 0x0000000100000000)
  eden space 409088K, 100% used [0x00000000e0000000,0x00000000f8f80000,0x00000000f8f80000)
  from space 56832K, 16% used [0x00000000f8f80000,0x00000000f98ba230,0x00000000fc700000)
  to   space 56832K, 0% used [0x00000000fc800000,0x00000000fc800000,0x00000000fff80000)
 ParOldGen       total 467968K, used 180907K [0x00000000a0000000, 0x00000000bc900000, 0x00000000e0000000)
  object space 467968K, 38% used [0x00000000a0000000,0x00000000ab0aad70,0x00000000bc900000)
 Metaspace       used 151742K, capacity 157459K, committed 159744K, reserved 1187840K
  class space    used 19116K, capacity 20246K, committed 20992K, reserved 1048576K
Event: 152.335 GC heap after
Heap after GC invocations=37 (full 5):
 PSYoungGen      total 466944K, used 7750K [0x00000000e0000000, 0x00000000fff00000, 0x0000000100000000)
  eden space 410624K, 0% used [0x00000000e0000000,0x00000000e0000000,0x00000000f9100000)
  from space 56320K, 13% used [0x00000000fc800000,0x00000000fcf91ad0,0x00000000fff00000)
  to   space 56320K, 0% used [0x00000000f9100000,0x00000000f9100000,0x00000000fc800000)
 ParOldGen       total 467968K, used 189555K [0x00000000a0000000, 0x00000000bc900000, 0x00000000e0000000)
  object space 467968K, 40% used [0x00000000a0000000,0x00000000ab91cd78,0x00000000bc900000)
 Metaspace       used 151742K, capacity 157459K, committed 159744K, reserved 1187840K
  class space    used 19116K, capacity 20246K, committed 20992K, reserved 1048576K
}
Event: 152.843 GC heap before
{Heap before GC invocations=38 (full 5):
 PSYoungGen      total 466944K, used 418374K [0x00000000e0000000, 0x00000000fff00000, 0x0000000100000000)
  eden space 410624K, 100% used [0x00000000e0000000,0x00000000f9100000,0x00000000f9100000)
  from space 56320K, 13% used [0x00000000fc800000,0x00000000fcf91ad0,0x00000000fff00000)
  to   space 56320K, 0% used [0x00000000f9100000,0x00000000f9100000,0x00000000fc800000)
 ParOldGen       total 467968K, used 189555K [0x00000000a0000000, 0x00000000bc900000, 0x00000000e0000000)
  object space 467968K, 40% used [0x00000000a0000000,0x00000000ab91cd78,0x00000000bc900000)
 Metaspace       used 151768K, capacity 157461K, committed 159744K, reserved 1187840K
  class space    used 19118K, capacity 20247K, committed 20992K, reserved 1048576K
Event: 152.864 GC heap after
Heap after GC invocations=38 (full 5):
 PSYoungGen      total 424448K, used 13749K [0x00000000e0000000, 0x00000000ffd00000, 0x0000000100000000)
  eden space 410624K, 0% used [0x00000000e0000000,0x00000000e0000000,0x00000000f9100000)
  from space 13824K, 99% used [0x00000000f9100000,0x00000000f9e6d540,0x00000000f9e80000)
  to   space 54784K, 0% used [0x00000000fc780000,0x00000000fc780000,0x00000000ffd00000)
 ParOldGen       total 467968K, used 196316K [0x00000000a0000000, 0x00000000bc900000, 0x00000000e0000000)
  object space 467968K, 41% used [0x00000000a0000000,0x00000000abfb7008,0x00000000bc900000)
 Metaspace       used 151768K, capacity 157461K, committed 159744K, reserved 1187840K
  class space    used 19118K, capacity 20247K, committed 20992K, reserved 1048576K
}
Event: 153.531 GC heap before
{Heap before GC invocations=39 (full 5):
 PSYoungGen      total 424448K, used 424373K [0x00000000e0000000, 0x00000000ffd00000, 0x0000000100000000)
  eden space 410624K, 100% used [0x00000000e0000000,0x00000000f9100000,0x00000000f9100000)
  from space 13824K, 99% used [0x00000000f9100000,0x00000000f9e6d540,0x00000000f9e80000)
  to   space 54784K, 0% used [0x00000000fc780000,0x00000000fc780000,0x00000000ffd00000)
 ParOldGen       total 467968K, used 196316K [0x00000000a0000000, 0x00000000bc900000, 0x00000000e0000000)
  object space 467968K, 41% used [0x00000000a0000000,0x00000000abfb7008,0x00000000bc900000)
 Metaspace       used 152026K, capacity 157827K, committed 160000K, reserved 1187840K
  class space    used 19154K, capacity 20296K, committed 20992K, reserved 1048576K
Event: 153.550 GC heap after
Heap after GC invocations=39 (full 5):
 PSYoungGen      total 467456K, used 9406K [0x00000000e0000000, 0x0000000100000000, 0x0000000100000000)
  eden space 412672K, 0% used [0x00000000e0000000,0x00000000e0000000,0x00000000f9300000)
  from space 54784K, 17% used [0x00000000fc780000,0x00000000fd0af9d8,0x00000000ffd00000)
  to   space 53760K, 0% used [0x00000000f9300000,0x00000000f9300000,0x00000000fc780000)
 ParOldGen       total 467968K, used 205055K [0x00000000a0000000, 0x00000000bc900000, 0x00000000e0000000)
  object space 467968K, 43% used [0x00000000a0000000,0x00000000ac83fca0,0x00000000bc900000)
 Metaspace       used 152026K, capacity 157827K, committed 160000K, reserved 1187840K
  class space    used 19154K, capacity 20296K, committed 20992K, reserved 1048576K
}

